[2025-12-15 14:53:29] [INFO] GetAllPermissionUseCase start {"page":1,"limit":1000000}
[2025-12-15 14:53:29] [INFO] GetAllPermissionUseCase success {"total":10,"returned":10}
[2025-12-15 14:53:53] [INFO] GetAllPermissionUseCase start {"page":1,"limit":1000000}
[2025-12-15 14:53:53] [INFO] GetAllPermissionUseCase success {"total":10,"returned":10}
[2025-12-15 14:54:28] [INFO] GetAllPermissionUseCase start {"page":1,"limit":1000000}
[2025-12-15 14:54:28] [INFO] GetAllPermissionUseCase success {"total":10,"returned":10}
[2025-12-15 14:54:30] [INFO] GetAllPermissionUseCase start {"page":1,"limit":1000000}
[2025-12-15 14:54:30] [INFO] GetAllPermissionUseCase success {"total":10,"returned":10}
[2025-12-15 14:55:42] [INFO] GetAllPermissionUseCase start {"page":1,"limit":1000000}
[2025-12-15 14:55:42] [INFO] GetAllPermissionUseCase success {"total":10,"returned":10}
[2025-12-15 14:55:44] [INFO] GetAllPermissionUseCase start {"page":1,"limit":1000000}
[2025-12-15 14:55:44] [INFO] GetAllPermissionUseCase success {"total":10,"returned":10}
[2025-12-15 14:56:19] [INFO] GetAllPermissionUseCase start {"page":1,"limit":1000000}
[2025-12-15 14:56:19] [INFO] GetAllPermissionUseCase success {"total":10,"returned":10}
[2025-12-15 14:57:59] [INFO] GetAllPermissionUseCase start {"page":1,"limit":1000000}
[2025-12-15 14:57:59] [INFO] GetAllPermissionUseCase success {"total":10,"returned":10}
[2025-12-15 14:59:38] [INFO] GetAllPermissionUseCase start {"page":1,"limit":1000000}
[2025-12-15 14:59:38] [INFO] GetAllPermissionUseCase success {"total":10,"returned":10}
[2025-12-15 14:59:39] [INFO] GetAllPermissionUseCase start {"page":1,"limit":1000000}
[2025-12-15 14:59:39] [INFO] GetAllPermissionUseCase success {"total":10,"returned":10}
[2025-12-15 14:59:43] [INFO] GetAllPermissionUseCase start {"page":1,"limit":1000000}
[2025-12-15 14:59:43] [INFO] GetAllPermissionUseCase success {"total":10,"returned":10}
[2025-12-15 14:59:54] [INFO] GetPermissionByIdUseCase start {"id":"cmj5t0f6x0002crww1o46wy2t"}
[2025-12-15 14:59:55] [INFO] GetPermissionByIdUseCase success {"id":"cmj5t0f6x0002crww1o46wy2t","name":"hr.*"}
[2025-12-15 14:59:57] [INFO] UpdatePermissionUseCase start {"id":"cmj5t0f6x0002crww1o46wy2t"}
[2025-12-15 14:59:57] [INFO] UpdatePermissionUseCase success {"id":"cmj5t0f6x0002crww1o46wy2t","name":"hr.*"}
[2025-12-15 14:59:59] [INFO] GetAllPermissionUseCase start {"page":1,"limit":1000000}
[2025-12-15 14:59:59] [INFO] GetAllPermissionUseCase success {"total":10,"returned":10}
[2025-12-15 15:04:51] [INFO] GetAllPermissionUseCase start {"page":1,"limit":1000000}
[2025-12-15 15:04:51] [INFO] GetAllPermissionUseCase success {"total":10,"returned":10}
[2025-12-15 15:04:53] [INFO] GetAllPermissionUseCase start {"page":1,"limit":1000000}
[2025-12-15 15:04:53] [INFO] GetAllPermissionUseCase success {"total":10,"returned":10}
[2025-12-15 15:06:38] [INFO] GetAllPermissionUseCase start {"page":1,"limit":1000000}
[2025-12-15 15:06:38] [INFO] GetAllPermissionUseCase success {"total":10,"returned":10}
[2025-12-15 15:08:27] [INFO] GetAllPermissionUseCase start {"page":1,"limit":1000000}
[2025-12-15 15:08:27] [INFO] GetAllPermissionUseCase success {"total":10,"returned":10}
