[2025-12-18 08:46:53] [INFO] GetAllEmployeeUseCase start {"page":1,"limit":1000000}
[2025-12-18 08:46:53] [INFO] GetAllEmployeeUseCase success {"total":2,"returned":2}
[2025-12-18 08:55:14] [INFO] GetAllEmployeeUseCase start {"page":1,"limit":1000000}
[2025-12-18 08:55:14] [INFO] GetAllEmployeeUseCase success {"total":2,"returned":2}
[2025-12-18 08:57:01] [INFO] GetAllVisitorUseCase start {"page":1,"limit":1000000}
[2025-12-18 08:57:01] [INFO] GetAllVisitorUseCase success {"total":2,"returned":2}
[2025-12-18 08:57:05] [INFO] GetAllEmployeeUseCase start {"page":1,"limit":1000000}
[2025-12-18 08:57:05] [INFO] GetAllEmployeeUseCase success {"total":2,"returned":2}
[2025-12-18 08:57:20] [INFO] GetAllVisitorUseCase start {"page":1,"limit":1000000}
[2025-12-18 08:57:20] [INFO] GetAllVisitorUseCase success {"total":2,"returned":2}
[2025-12-18 08:57:23] [INFO] GetAllPatrolUseCase start {"page":1,"limit":1000000}
[2025-12-18 08:57:23] [INFO] GetAllPatrolUseCase success {"total":3,"returned":3}
[2025-12-18 09:03:50] [INFO] GetAllPatrolUseCase start {"page":1,"limit":1000000}
[2025-12-18 09:03:50] [INFO] GetAllPatrolUseCase success {"total":3,"returned":3}
[2025-12-18 09:03:50] [INFO] GetAllPatrolUseCase start {"page":1,"limit":1000000}
[2025-12-18 09:03:50] [INFO] GetAllPatrolUseCase success {"total":3,"returned":3}
[2025-12-18 09:04:02] [INFO] GetAllPatrolUseCase start {"page":1,"limit":1000000}
[2025-12-18 09:04:02] [INFO] GetAllPatrolUseCase success {"total":3,"returned":3}
[2025-12-18 09:05:14] [INFO] GetAllVisitorUseCase start {"page":1,"limit":1000000}
[2025-12-18 09:05:14] [INFO] GetAllVisitorUseCase success {"total":2,"returned":2}
[2025-12-18 09:07:29] [INFO] GetAllEmployeeUseCase start {"page":1,"limit":1000000}
[2025-12-18 09:07:29] [INFO] GetAllEmployeeUseCase success {"total":2,"returned":2}
[2025-12-18 09:07:33] [INFO] GetAllEmployeeUseCase start {"page":1,"limit":1000000}
[2025-12-18 09:07:33] [INFO] GetAllEmployeeUseCase success {"total":2,"returned":2}
[2025-12-18 09:07:38] [INFO] GetEmployeeByIdUseCase start {"id":"cmj5t2tnc000104jmfmnm1j7j"}
[2025-12-18 09:07:38] [INFO] GetEmployeeByIdUseCase success {"id":"cmj5t2tnc000104jmfmnm1j7j","email":"panuwat.j@chhindustry.com"}
[2025-12-18 09:07:38] [INFO] GetAllPermissionUseCase start {"page":1,"limit":1000000}
[2025-12-18 09:07:38] [INFO] GetAllPermissionUseCase success {"total":12,"returned":12}
[2025-12-18 09:07:38] [INFO] Logger initialized successfully {"logDir":"E:\\chh_internal\\logs"}
[2025-12-18 09:07:39] [INFO] GetAssignsByEmployeeUseCase start {"employeeId":"cmj5t2tnc000104jmfmnm1j7j"}
[2025-12-18 09:07:39] [INFO] GetAssignsByEmployeeUseCase success {"total":1}
[2025-12-18 09:07:42] [INFO] GetAllEmployeeUseCase start {"page":1,"limit":1000000}
[2025-12-18 09:07:42] [INFO] GetAllEmployeeUseCase success {"total":2,"returned":2}
[2025-12-18 09:07:48] [INFO] GetAllEmployeeUseCase start {"page":1,"limit":1000000}
[2025-12-18 09:07:48] [INFO] GetAllEmployeeUseCase success {"total":2,"returned":2}
[2025-12-18 09:07:50] [INFO] GetEmployeeByIdUseCase start {"id":"cmj5t2tnc000104jmfmnm1j7j"}
[2025-12-18 09:07:50] [INFO] GetEmployeeByIdUseCase success {"id":"cmj5t2tnc000104jmfmnm1j7j","email":"panuwat.j@chhindustry.com"}
[2025-12-18 09:07:50] [INFO] GetAllPermissionUseCase start {"page":1,"limit":1000000}
[2025-12-18 09:07:50] [INFO] GetAssignsByEmployeeUseCase start {"employeeId":"cmj5t2tnc000104jmfmnm1j7j"}
[2025-12-18 09:07:50] [INFO] GetAllPermissionUseCase success {"total":12,"returned":12}
[2025-12-18 09:07:50] [INFO] GetAssignsByEmployeeUseCase success {"total":1}
[2025-12-18 09:07:50] [INFO] Logger initialized successfully {"logDir":"E:\\chh_internal\\logs"}
[2025-12-18 09:07:54] [INFO] GetAllEmployeeUseCase start {"page":1,"limit":1000000}
[2025-12-18 09:07:54] [INFO] GetAllEmployeeUseCase success {"total":2,"returned":2}
[2025-12-18 09:13:47] [INFO] GetAllEmployeeUseCase start {"page":1,"limit":1000000}
[2025-12-18 09:13:47] [INFO] GetAllEmployeeUseCase success {"total":2,"returned":2}
[2025-12-18 09:16:34] [INFO] GetAllEmployeeUseCase start {"page":1,"limit":1000000}
[2025-12-18 09:16:34] [INFO] GetAllEmployeeUseCase success {"total":2,"returned":2}
[2025-12-18 09:16:36] [INFO] GetAllEmployeeUseCase start {"page":1,"limit":1000000}
[2025-12-18 09:16:36] [INFO] GetAllEmployeeUseCase success {"total":2,"returned":2}
[2025-12-18 09:16:39] [INFO] GetAllEmployeeUseCase start {"page":1,"limit":1000000}
[2025-12-18 09:16:39] [INFO] GetAllEmployeeUseCase success {"total":2,"returned":2}
[2025-12-18 09:16:40] [INFO] GetAllEmployeeUseCase start {"page":1,"limit":1000000}
[2025-12-18 09:16:40] [INFO] GetAllEmployeeUseCase success {"total":2,"returned":2}
