[2025-12-19 15:55:16] [INFO] Logger initialized successfully {"logDir":"E:\\chh_internal\\logs"}
[2025-12-19 15:55:16] [INFO] GetAllPatrolUseCase start {"page":1,"limit":1000000}
[2025-12-19 15:55:16] [INFO] GetAllPatrolUseCase success {"total":3,"returned":3}
[2025-12-19 15:56:22] [INFO] GetAllPatrolUseCase start {"page":1,"limit":1000000}
[2025-12-19 15:56:22] [INFO] GetAllPatrolUseCase success {"total":3,"returned":3}
[2025-12-19 15:56:26] [INFO] GetAllVisitorUseCase start {"page":1,"limit":1000000}
[2025-12-19 15:56:26] [INFO] GetAllVisitorUseCase success {"total":2,"returned":2}
[2025-12-19 15:57:34] [INFO] GetAllVisitorUseCase start {"page":1,"limit":1000000}
[2025-12-19 15:57:34] [INFO] GetAllVisitorUseCase success {"total":2,"returned":2}
[2025-12-19 15:57:48] [INFO] GetAllVisitorUseCase start {"page":1,"limit":1000000}
[2025-12-19 15:57:48] [INFO] GetAllVisitorUseCase success {"total":2,"returned":2}
[2025-12-19 15:57:54] [INFO] GetAllEmployeeUseCase start {"page":1,"limit":1000000}
[2025-12-19 15:57:54] [INFO] GetAllEmployeeUseCase success {"total":2,"returned":2}
[2025-12-19 16:03:09] [INFO] GetAllEmployeeUseCase start {"page":1,"limit":1000000}
[2025-12-19 16:03:09] [INFO] GetAllEmployeeUseCase success {"total":2,"returned":2}
[2025-12-19 16:03:09] [INFO] GetAllEmployeeUseCase start {"page":1,"limit":1000000}
[2025-12-19 16:03:09] [INFO] GetAllEmployeeUseCase success {"total":2,"returned":2}
[2025-12-19 17:14:20] [INFO] Logger initialized successfully {"logDir":"E:\\chh_internal\\logs"}
[2025-12-19 17:14:20] [INFO] GetAllVisitorUseCase start {"page":1,"limit":1000000}
[2025-12-19 17:14:20] [INFO] GetAllVisitorUseCase success {"total":2,"returned":2}
[2025-12-19 17:14:28] [INFO] GetAllEmployeeUseCase start {"page":1,"limit":1000000}
[2025-12-19 17:14:28] [INFO] GetAllEmployeeUseCase success {"total":2,"returned":2}
[2025-12-19 17:14:29] [INFO] GetVisitorByIdUseCase start {"id":"cmj9htjs60005cr6wd3v6wks1"}
[2025-12-19 17:14:29] [INFO] GetVisitorByIdUseCase success {"id":"cmj9htjs60005cr6wd3v6wks1","name":"Qq Qq"}
[2025-12-19 17:14:31] [INFO] GetAllVisitorUseCase start {"page":1,"limit":1000000}
[2025-12-19 17:14:31] [INFO] GetAllVisitorUseCase success {"total":2,"returned":2}
[2025-12-19 17:14:33] [INFO] GetAllEmployeeUseCase start {"page":1,"limit":1000000}
[2025-12-19 17:14:33] [INFO] GetAllEmployeeUseCase success {"total":2,"returned":2}
[2025-12-19 17:14:33] [INFO] GetAllEmployeeUseCase start {"page":1,"limit":1000000}
[2025-12-19 17:14:33] [INFO] GetAllEmployeeUseCase success {"total":2,"returned":2}
[2025-12-19 17:14:46] [INFO] CreateVisitorUseCase start {"name":"1 1"}
[2025-12-19 17:14:46] [INFO] CreateVisitorUseCase success {"lineNotification":"sent"}
[2025-12-19 17:14:46] [INFO] CreateVisitorUseCase success {"id":"cmjcpqb2y0001crbkt7064gl8","name":"1 1"}
[2025-12-19 17:14:48] [INFO] GetAllVisitorUseCase start {"page":1,"limit":1000000}
[2025-12-19 17:14:48] [INFO] GetAllVisitorUseCase success {"total":3,"returned":3}
[2025-12-19 17:14:53] [INFO] GetAllEmployeeUseCase start {"page":1,"limit":1000000}
[2025-12-19 17:14:53] [INFO] GetVisitorByIdUseCase start {"id":"cmjcpqb2y0001crbkt7064gl8"}
[2025-12-19 17:14:53] [INFO] GetAllEmployeeUseCase success {"total":2,"returned":2}
[2025-12-19 17:14:53] [INFO] GetVisitorByIdUseCase success {"id":"cmjcpqb2y0001crbkt7064gl8","name":"1 1"}
[2025-12-19 17:14:56] [INFO] GetAllVisitorUseCase start {"page":1,"limit":1000000}
[2025-12-19 17:14:56] [INFO] GetAllVisitorUseCase success {"total":3,"returned":3}
[2025-12-19 17:14:57] [INFO] GetAllEmployeeUseCase start {"page":1,"limit":1000000}
[2025-12-19 17:14:57] [INFO] GetAllEmployeeUseCase success {"total":2,"returned":2}
[2025-12-19 17:14:58] [INFO] GetAllVisitorUseCase start {"page":1,"limit":1000000}
[2025-12-19 17:14:58] [INFO] GetAllVisitorUseCase success {"total":3,"returned":3}
[2025-12-19 17:15:01] [INFO] GetAllPatrolUseCase start {"page":1,"limit":1000000}
[2025-12-19 17:15:01] [INFO] GetAllPatrolUseCase success {"total":3,"returned":3}
[2025-12-19 17:15:04] [INFO] GetAllPatrolUseCase start {"page":1,"limit":1000000}
[2025-12-19 17:15:04] [INFO] GetAllPatrolUseCase success {"total":3,"returned":3}
[2025-12-19 17:15:33] [INFO] CreatePatrolUseCase start {"qrCodeInfo":"0038000600000101030060217Aa7e404e37a5a46845102TH91047FBD"}
[2025-12-19 17:15:33] [INFO] CreatePatrolUseCase success {"id":"cmjcprbag0003crbkvag7r8b8","qrCodeInfo":"0038000600000101030060217Aa7e404e37a5a46845102TH91047FBD"}
[2025-12-19 17:15:35] [INFO] GetAllPatrolUseCase start {"page":1,"limit":1000000}
[2025-12-19 17:15:35] [INFO] GetAllPatrolUseCase success {"total":4,"returned":4}
[2025-12-19 17:16:00] [INFO] GetAllPatrolUseCase start {"page":1,"limit":1000000}
[2025-12-19 17:16:00] [INFO] GetAllPatrolUseCase success {"total":4,"returned":4}
[2025-12-19 17:16:03] [INFO] GetAllPatrolUseCase start {"page":1,"limit":1000000}
[2025-12-19 17:16:03] [INFO] GetAllPatrolUseCase success {"total":4,"returned":4}
[2025-12-19 17:16:27] [INFO] GetAllPatrolUseCase start {"page":1,"limit":1000000}
[2025-12-19 17:16:27] [INFO] GetAllPatrolUseCase success {"total":0,"returned":0}
[2025-12-19 17:16:30] [INFO] GetAllPatrolUseCase start {"page":1,"limit":1000000}
[2025-12-19 17:16:30] [INFO] GetAllPatrolUseCase success {"total":0,"returned":0}
