[2026-02-03 12:59:04] [INFO] Logger initialized successfully {"logDir":"E:\\chh_internal\\logs"}
[2026-02-03 12:59:04] [INFO] GetAllDepartmentUseCase start {"page":1,"limit":1000000}
[2026-02-03 12:59:04] [INFO] GetAllDepartmentUseCase success {"total":1,"returned":1}
[2026-02-03 15:45:22] [INFO] GetAllEmployeeUseCase start {"page":1,"limit":1000000}
[2026-02-03 15:45:22] [INFO] GetAllEmployeeUseCase success {"total":3,"returned":3}
[2026-02-03 15:45:28] [INFO] GetAllEmployeeUseCase start {"page":1,"limit":1000000}
[2026-02-03 15:45:28] [INFO] GetAllEmployeeUseCase success {"total":3,"returned":3}
[2026-02-03 15:45:31] [INFO] Logger initialized successfully {"logDir":"E:\\chh_internal\\logs"}
[2026-02-03 15:45:32] [INFO] GetEmployeeByIdUseCase start {"id":"cmj5t2tnc000104jmfmnm1j7j"}
[2026-02-03 15:45:32] [INFO] Logger initialized successfully {"logDir":"E:\\chh_internal\\logs"}
[2026-02-03 15:45:32] [INFO] GetEmployeeByIdUseCase success {"id":"cmj5t2tnc000104jmfmnm1j7j","email":"panuwat.j@chhindustry.com"}
[2026-02-03 15:46:23] [INFO] GetAllEmployeeUseCase start {"page":1,"limit":1000000}
[2026-02-03 15:46:23] [INFO] GetAllEmployeeUseCase success {"total":3,"returned":3}
[2026-02-03 15:58:02] [INFO] Logger initialized successfully {"logDir":"E:\\chh_internal\\logs"}
[2026-02-03 15:58:02] [INFO] Logger initialized successfully {"logDir":"E:\\chh_internal\\logs"}
[2026-02-03 15:58:02] [INFO] Logger initialized successfully {"logDir":"E:\\chh_internal\\logs"}
[2026-02-03 15:58:02] [INFO] Logger initialized successfully {"logDir":"E:\\chh_internal\\logs"}
[2026-02-03 15:58:02] [INFO] Logger initialized successfully {"logDir":"E:\\chh_internal\\logs"}
[2026-02-03 15:58:02] [INFO] Logger initialized successfully {"logDir":"E:\\chh_internal\\logs"}
[2026-02-03 15:58:02] [INFO] Logger initialized successfully {"logDir":"E:\\chh_internal\\logs"}
[2026-02-03 15:58:02] [INFO] Logger initialized successfully {"logDir":"E:\\chh_internal\\logs"}
[2026-02-03 15:59:32] [INFO] Logger initialized successfully {"logDir":"E:\\chh_internal\\logs"}
[2026-02-03 15:59:32] [INFO] Logger initialized successfully {"logDir":"E:\\chh_internal\\logs"}
[2026-02-03 15:59:32] [INFO] Logger initialized successfully {"logDir":"E:\\chh_internal\\logs"}
[2026-02-03 15:59:32] [INFO] Logger initialized successfully {"logDir":"E:\\chh_internal\\logs"}
[2026-02-03 15:59:32] [INFO] Logger initialized successfully {"logDir":"E:\\chh_internal\\logs"}
[2026-02-03 15:59:32] [INFO] Logger initialized successfully {"logDir":"E:\\chh_internal\\logs"}
[2026-02-03 15:59:32] [INFO] Logger initialized successfully {"logDir":"E:\\chh_internal\\logs"}
[2026-02-03 15:59:32] [INFO] Logger initialized successfully {"logDir":"E:\\chh_internal\\logs"}
[2026-02-03 16:00:58] [INFO] Logger initialized successfully {"logDir":"E:\\chh_internal\\logs"}
[2026-02-03 16:00:58] [INFO] GetAllEmployeeUseCase start {"page":1,"limit":1000000}
[2026-02-03 16:00:58] [INFO] GetAllEmployeeUseCase success {"total":3,"returned":3}
[2026-02-03 16:01:05] [INFO] Logger initialized successfully {"logDir":"E:\\chh_internal\\logs"}
[2026-02-03 16:01:05] [INFO] GetEmployeeByIdUseCase start {"id":"cmj5t2tnc000104jmfmnm1j7j"}
[2026-02-03 16:01:06] [INFO] GetEmployeeByIdUseCase success {"id":"cmj5t2tnc000104jmfmnm1j7j","email":"panuwat.j@chhindustry.com"}
[2026-02-03 16:01:06] [INFO] GetAllEmployeeUseCase start {"page":1,"limit":1000000}
[2026-02-03 16:01:06] [INFO] GetAllEmployeeUseCase success {"total":3,"returned":3}
[2026-02-03 16:02:43] [INFO] Logger initialized successfully {"logDir":"E:\\chh_internal\\logs"}
[2026-02-03 16:02:43] [INFO] Logger initialized successfully {"logDir":"E:\\chh_internal\\logs"}
[2026-02-03 16:02:43] [INFO] Logger initialized successfully {"logDir":"E:\\chh_internal\\logs"}
[2026-02-03 16:02:43] [INFO] Logger initialized successfully {"logDir":"E:\\chh_internal\\logs"}
[2026-02-03 16:02:43] [INFO] Logger initialized successfully {"logDir":"E:\\chh_internal\\logs"}
[2026-02-03 16:02:43] [INFO] Logger initialized successfully {"logDir":"E:\\chh_internal\\logs"}
[2026-02-03 16:02:43] [INFO] Logger initialized successfully {"logDir":"E:\\chh_internal\\logs"}
[2026-02-03 16:02:43] [INFO] Logger initialized successfully {"logDir":"E:\\chh_internal\\logs"}
[2026-02-03 16:06:30] [INFO] Logger initialized successfully {"logDir":"E:\\chh_internal\\logs"}
[2026-02-03 16:06:30] [INFO] Logger initialized successfully {"logDir":"E:\\chh_internal\\logs"}
[2026-02-03 16:06:30] [INFO] Logger initialized successfully {"logDir":"E:\\chh_internal\\logs"}
[2026-02-03 16:06:30] [INFO] Logger initialized successfully {"logDir":"E:\\chh_internal\\logs"}
[2026-02-03 16:06:30] [INFO] Logger initialized successfully {"logDir":"E:\\chh_internal\\logs"}
[2026-02-03 16:06:30] [INFO] Logger initialized successfully {"logDir":"E:\\chh_internal\\logs"}
[2026-02-03 16:06:30] [INFO] Logger initialized successfully {"logDir":"E:\\chh_internal\\logs"}
[2026-02-03 16:06:30] [INFO] Logger initialized successfully {"logDir":"E:\\chh_internal\\logs"}
[2026-02-03 16:12:32] [INFO] Logger initialized successfully {"logDir":"E:\\chh_internal\\logs"}
[2026-02-03 16:12:32] [INFO] GetAllEmployeeUseCase start {"page":1,"limit":1000000}
[2026-02-03 16:12:32] [INFO] GetAllEmployeeUseCase success {"total":3,"returned":3}
[2026-02-03 16:12:40] [INFO] GetAllVisitorUseCase start {"page":1,"limit":1000000}
[2026-02-03 16:12:40] [INFO] GetAllVisitorUseCase success {"total":0,"returned":0}
[2026-02-03 16:12:43] [INFO] GetAllPatrolUseCase start {"page":1,"limit":1000000}
[2026-02-03 16:12:43] [INFO] GetAllPatrolUseCase success {"total":0,"returned":0}
[2026-02-03 16:14:16] [INFO] Logger initialized successfully {"logDir":"E:\\chh_internal\\logs"}
[2026-02-03 16:14:16] [INFO] Logger initialized successfully {"logDir":"E:\\chh_internal\\logs"}
[2026-02-03 16:14:16] [INFO] Logger initialized successfully {"logDir":"E:\\chh_internal\\logs"}
[2026-02-03 16:14:16] [INFO] Logger initialized successfully {"logDir":"E:\\chh_internal\\logs"}
[2026-02-03 16:14:16] [INFO] Logger initialized successfully {"logDir":"E:\\chh_internal\\logs"}
[2026-02-03 16:14:16] [INFO] Logger initialized successfully {"logDir":"E:\\chh_internal\\logs"}
[2026-02-03 16:14:16] [INFO] Logger initialized successfully {"logDir":"E:\\chh_internal\\logs"}
[2026-02-03 16:14:16] [INFO] Logger initialized successfully {"logDir":"E:\\chh_internal\\logs"}
