[2026-02-09 08:15:41] [INFO] Logger initialized successfully {"logDir":"E:\\chh_internal\\logs"}
[2026-02-09 08:15:41] [INFO] GetAllMemoUseCase start {"page":1,"limit":20}
[2026-02-09 08:15:42] [INFO] GetAllMemoUseCase success {"total":1,"returned":1}
[2026-02-09 08:17:33] [INFO] GetAllSalesOrdersOnline start {"number":null,"customerNumber":null,"customerName":null,"status":null,"orderDateFrom":null,"orderDateTo":null,"limit":100,"salesperson":"ONLINE"}
[2026-02-09 08:17:34] [ERROR] GetAllSalesOrdersOnline error Token request failed: {"error":"invalid_client","error_description":"AADSTS7000222: The provided client secret keys for app '4423e0d6-d367-444c-b25e-01898b8886d2' are expired. Visit the Azure portal to create new keys for your app: https://aka.ms/NewClientSecret, or consider using certificate credentials for added security: https://aka.ms/certCreds. Trace ID: b80f837c-1ad4-4cfa-ba38-f6d6d33e7800 Correlation ID: 776f9a29-d6b1-4070-b829-f4e966e31ce2 Timestamp: 2026-02-09 01:17:35Z","error_codes":[7000222],"timestamp":"2026-02-09 01:17:35Z","trace_id":"b80f837c-1ad4-4cfa-ba38-f6d6d33e7800","correlation_id":"776f9a29-d6b1-4070-b829-f4e966e31ce2","error_uri":"https://login.microsoftonline.com/error?code=7000222"}
[2026-02-09 08:17:34] [ERROR] bc-controller error Token request failed: {"error":"invalid_client","error_description":"AADSTS7000222: The provided client secret keys for app '4423e0d6-d367-444c-b25e-01898b8886d2' are expired. Visit the Azure portal to create new keys for your app: https://aka.ms/NewClientSecret, or consider using certificate credentials for added security: https://aka.ms/certCreds. Trace ID: b80f837c-1ad4-4cfa-ba38-f6d6d33e7800 Correlation ID: 776f9a29-d6b1-4070-b829-f4e966e31ce2 Timestamp: 2026-02-09 01:17:35Z","error_codes":[7000222],"timestamp":"2026-02-09 01:17:35Z","trace_id":"b80f837c-1ad4-4cfa-ba38-f6d6d33e7800","correlation_id":"776f9a29-d6b1-4070-b829-f4e966e31ce2","error_uri":"https://login.microsoftonline.com/error?code=7000222"} {"endpoint":"GET /salesOrders","code":"BC_AUTH_FAILED","stack":"BCAuthError: Token request failed: {\"error\":\"invalid_client\",\"error_description\":\"AADSTS7000222: The provided client secret keys for app '4423e0d6-d367-444c-b25e-01898b8886d2' are expired. Visit the Azure portal to create new keys for your app: https://aka.ms/NewClientSecret, or consider using certificate credentials for added security: https://aka.ms/certCreds. Trace ID: b80f837c-1ad4-4cfa-ba38-f6d6d33e7800 Correlation ID: 776f9a29-d6b1-4070-b829-f4e966e31ce2 Timestamp: 2026-02-09 01:17:35Z\",\"error_codes\":[7000222],\"timestamp\":\"2026-02-09 01:17:35Z\",\"trace_id\":\"b80f837c-1ad4-4cfa-ba38-f6d6d33e7800\",\"correlation_id\":\"776f9a29-d6b1-4070-b829-f4e966e31ce2\",\"error_uri\":\"https://login.microsoftonline.com/error?code=7000222\"}\n    at BCClient.getAccessToken (E:\\chh_internal\\.next\\dev\\server\\chunks\\[root-of-the-server]__40e26e77._.js:457:23)\n    at process.processTicksAndRejections (node:internal/process/task_queues:105:5)\n    at async BCClient.fetch (E:\\chh_internal\\.next\\dev\\server\\chunks\\[root-of-the-server]__40e26e77._.js:568:23)\n    at async BCClient.get (E:\\chh_internal\\.next\\dev\\server\\chunks\\[root-of-the-server]__40e26e77._.js:616:24)\n    at async Object.getFiltered (E:\\chh_internal\\.next\\dev\\server\\chunks\\[root-of-the-server]__40e26e77._.js:1001:24)\n    at async GetAllUseCase (E:\\chh_internal\\.next\\dev\\server\\chunks\\[root-of-the-server]__40e26e77._.js:1024:34)\n    at async getAll (E:\\chh_internal\\.next\\dev\\server\\chunks\\[root-of-the-server]__40e26e77._.js:863:51)\n    at async AppRouteRouteModule.do (E:\\chh_internal\\node_modules\\next\\dist\\compiled\\next-server\\app-route-turbo.runtime.dev.js:5:37789)\n    at async AppRouteRouteModule.handle (E:\\chh_internal\\node_modules\\next\\dist\\compiled\\next-server\\app-route-turbo.runtime.dev.js:5:45045)\n    at async responseGenerator (E:\\chh_internal\\.next\\dev\\server\\chunks\\node_modules_next_81835ec5._.js:14333:38)\n    at async AppRouteRouteModule.handleResponse (E:\\chh_internal\\node_modules\\next\\dist\\compiled\\next-server\\app-route-turbo.runtime.dev.js:1:187851)\n    at async handleResponse (E:\\chh_internal\\.next\\dev\\server\\chunks\\node_modules_next_81835ec5._.js:14395:32)\n    at async handler (E:\\chh_internal\\.next\\dev\\server\\chunks\\node_modules_next_81835ec5._.js:14448:13)\n    at async DevServer.renderToResponseWithComponentsImpl (E:\\chh_internal\\node_modules\\next\\dist\\server\\base-server.js:1413:9)\n    at async DevServer.renderPageComponent (E:\\chh_internal\\node_modules\\next\\dist\\server\\base-server.js:1465:24)\n    at async DevServer.renderToResponseImpl (E:\\chh_internal\\node_modules\\next\\dist\\server\\base-server.js:1515:32)\n    at async DevServer.pipeImpl (E:\\chh_internal\\node_modules\\next\\dist\\server\\base-server.js:1021:25)\n    at async NextNodeServer.handleCatchallRenderRequest (E:\\chh_internal\\node_modules\\next\\dist\\server\\next-server.js:394:17)\n    at async DevServer.handleRequestImpl (E:\\chh_internal\\node_modules\\next\\dist\\server\\base-server.js:912:17)\n    at async E:\\chh_internal\\node_modules\\next\\dist\\server\\dev\\next-dev-server.js:382:20\n    at async Span.traceAsyncFn (E:\\chh_internal\\node_modules\\next\\dist\\trace\\trace.js:157:20)\n    at async DevServer.handleRequest (E:\\chh_internal\\node_modules\\next\\dist\\server\\dev\\next-dev-server.js:378:24)\n    at async invokeRender (E:\\chh_internal\\node_modules\\next\\dist\\server\\lib\\router-server.js:240:21)\n    at async handleRequest (E:\\chh_internal\\node_modules\\next\\dist\\server\\lib\\router-server.js:436:24)\n    at async requestHandlerImpl (E:\\chh_internal\\node_modules\\next\\dist\\server\\lib\\router-server.js:484:13)\n    at async Server.requestListener (E:\\chh_internal\\node_modules\\next\\dist\\server\\lib\\start-server.js:226:13)"}
[2026-02-09 08:24:28] [INFO] GetAllSalesOrdersOnline start {"number":null,"customerNumber":null,"customerName":null,"status":null,"orderDateFrom":null,"orderDateTo":null,"limit":100,"salesperson":"ONLINE"}
[2026-02-09 08:24:29] [ERROR] GetAllSalesOrdersOnline error Token request failed: {"error":"invalid_client","error_description":"AADSTS7000222: The provided client secret keys for app '4423e0d6-d367-444c-b25e-01898b8886d2' are expired. Visit the Azure portal to create new keys for your app: https://aka.ms/NewClientSecret, or consider using certificate credentials for added security: https://aka.ms/certCreds. Trace ID: fb5e9f61-9679-402b-9fb0-4ff40c757700 Correlation ID: 41bc52ff-25ac-4cbd-94b9-c0fc6f1e5739 Timestamp: 2026-02-09 01:24:31Z","error_codes":[7000222],"timestamp":"2026-02-09 01:24:31Z","trace_id":"fb5e9f61-9679-402b-9fb0-4ff40c757700","correlation_id":"41bc52ff-25ac-4cbd-94b9-c0fc6f1e5739","error_uri":"https://login.microsoftonline.com/error?code=7000222"}
[2026-02-09 08:24:29] [ERROR] bc-controller error Token request failed: {"error":"invalid_client","error_description":"AADSTS7000222: The provided client secret keys for app '4423e0d6-d367-444c-b25e-01898b8886d2' are expired. Visit the Azure portal to create new keys for your app: https://aka.ms/NewClientSecret, or consider using certificate credentials for added security: https://aka.ms/certCreds. Trace ID: fb5e9f61-9679-402b-9fb0-4ff40c757700 Correlation ID: 41bc52ff-25ac-4cbd-94b9-c0fc6f1e5739 Timestamp: 2026-02-09 01:24:31Z","error_codes":[7000222],"timestamp":"2026-02-09 01:24:31Z","trace_id":"fb5e9f61-9679-402b-9fb0-4ff40c757700","correlation_id":"41bc52ff-25ac-4cbd-94b9-c0fc6f1e5739","error_uri":"https://login.microsoftonline.com/error?code=7000222"} {"endpoint":"GET /salesOrders","code":"BC_AUTH_FAILED","stack":"BCAuthError: Token request failed: {\"error\":\"invalid_client\",\"error_description\":\"AADSTS7000222: The provided client secret keys for app '4423e0d6-d367-444c-b25e-01898b8886d2' are expired. Visit the Azure portal to create new keys for your app: https://aka.ms/NewClientSecret, or consider using certificate credentials for added security: https://aka.ms/certCreds. Trace ID: fb5e9f61-9679-402b-9fb0-4ff40c757700 Correlation ID: 41bc52ff-25ac-4cbd-94b9-c0fc6f1e5739 Timestamp: 2026-02-09 01:24:31Z\",\"error_codes\":[7000222],\"timestamp\":\"2026-02-09 01:24:31Z\",\"trace_id\":\"fb5e9f61-9679-402b-9fb0-4ff40c757700\",\"correlation_id\":\"41bc52ff-25ac-4cbd-94b9-c0fc6f1e5739\",\"error_uri\":\"https://login.microsoftonline.com/error?code=7000222\"}\n    at BCClient.getAccessToken (E:\\chh_internal\\.next\\dev\\server\\chunks\\[root-of-the-server]__40e26e77._.js:457:23)\n    at process.processTicksAndRejections (node:internal/process/task_queues:105:5)\n    at async BCClient.fetch (E:\\chh_internal\\.next\\dev\\server\\chunks\\[root-of-the-server]__40e26e77._.js:568:23)\n    at async BCClient.get (E:\\chh_internal\\.next\\dev\\server\\chunks\\[root-of-the-server]__40e26e77._.js:616:24)\n    at async Object.getFiltered (E:\\chh_internal\\.next\\dev\\server\\chunks\\[root-of-the-server]__40e26e77._.js:1001:24)\n    at async GetAllUseCase (E:\\chh_internal\\.next\\dev\\server\\chunks\\[root-of-the-server]__40e26e77._.js:1024:34)\n    at async getAll (E:\\chh_internal\\.next\\dev\\server\\chunks\\[root-of-the-server]__40e26e77._.js:863:51)\n    at async AppRouteRouteModule.do (E:\\chh_internal\\node_modules\\next\\dist\\compiled\\next-server\\app-route-turbo.runtime.dev.js:5:37789)\n    at async AppRouteRouteModule.handle (E:\\chh_internal\\node_modules\\next\\dist\\compiled\\next-server\\app-route-turbo.runtime.dev.js:5:45045)\n    at async responseGenerator (E:\\chh_internal\\.next\\dev\\server\\chunks\\node_modules_next_81835ec5._.js:14333:38)\n    at async AppRouteRouteModule.handleResponse (E:\\chh_internal\\node_modules\\next\\dist\\compiled\\next-server\\app-route-turbo.runtime.dev.js:1:187851)\n    at async handleResponse (E:\\chh_internal\\.next\\dev\\server\\chunks\\node_modules_next_81835ec5._.js:14395:32)\n    at async handler (E:\\chh_internal\\.next\\dev\\server\\chunks\\node_modules_next_81835ec5._.js:14448:13)\n    at async DevServer.renderToResponseWithComponentsImpl (E:\\chh_internal\\node_modules\\next\\dist\\server\\base-server.js:1413:9)\n    at async DevServer.renderPageComponent (E:\\chh_internal\\node_modules\\next\\dist\\server\\base-server.js:1465:24)\n    at async DevServer.renderToResponseImpl (E:\\chh_internal\\node_modules\\next\\dist\\server\\base-server.js:1515:32)\n    at async DevServer.pipeImpl (E:\\chh_internal\\node_modules\\next\\dist\\server\\base-server.js:1021:25)\n    at async NextNodeServer.handleCatchallRenderRequest (E:\\chh_internal\\node_modules\\next\\dist\\server\\next-server.js:394:17)\n    at async DevServer.handleRequestImpl (E:\\chh_internal\\node_modules\\next\\dist\\server\\base-server.js:912:17)\n    at async E:\\chh_internal\\node_modules\\next\\dist\\server\\dev\\next-dev-server.js:382:20\n    at async Span.traceAsyncFn (E:\\chh_internal\\node_modules\\next\\dist\\trace\\trace.js:157:20)\n    at async DevServer.handleRequest (E:\\chh_internal\\node_modules\\next\\dist\\server\\dev\\next-dev-server.js:378:24)\n    at async invokeRender (E:\\chh_internal\\node_modules\\next\\dist\\server\\lib\\router-server.js:240:21)\n    at async handleRequest (E:\\chh_internal\\node_modules\\next\\dist\\server\\lib\\router-server.js:436:24)\n    at async requestHandlerImpl (E:\\chh_internal\\node_modules\\next\\dist\\server\\lib\\router-server.js:484:13)\n    at async Server.requestListener (E:\\chh_internal\\node_modules\\next\\dist\\server\\lib\\start-server.js:226:13)"}
[2026-02-09 08:24:38] [INFO] GetAllMemoUseCase start {"page":1,"limit":20}
[2026-02-09 08:24:38] [INFO] GetAllMemoUseCase success {"total":1,"returned":1}
[2026-02-09 08:24:48] [INFO] GetAllEmployeeUseCase start {"page":1,"limit":20}
[2026-02-09 08:24:48] [INFO] GetAllEmployeeUseCase success {"total":13,"returned":13}
[2026-02-09 08:25:49] [INFO] GetAllEmployeeUseCase start {"page":1,"limit":20}
[2026-02-09 08:25:49] [INFO] GetAllEmployeeUseCase success {"total":13,"returned":13}
[2026-02-09 08:25:55] [INFO] GetAllSalesOrdersOnline start {"number":null,"customerNumber":null,"customerName":null,"status":null,"orderDateFrom":null,"orderDateTo":null,"limit":100,"salesperson":"ONLINE"}
[2026-02-09 08:25:55] [ERROR] GetAllSalesOrdersOnline error Token request failed: {"error":"invalid_client","error_description":"AADSTS7000222: The provided client secret keys for app '4423e0d6-d367-444c-b25e-01898b8886d2' are expired. Visit the Azure portal to create new keys for your app: https://aka.ms/NewClientSecret, or consider using certificate credentials for added security: https://aka.ms/certCreds. Trace ID: 8623d58d-17d2-47b1-813a-b0caadf97f00 Correlation ID: 6b29044d-1fb4-4807-86e2-82dea909f500 Timestamp: 2026-02-09 01:25:57Z","error_codes":[7000222],"timestamp":"2026-02-09 01:25:57Z","trace_id":"8623d58d-17d2-47b1-813a-b0caadf97f00","correlation_id":"6b29044d-1fb4-4807-86e2-82dea909f500","error_uri":"https://login.microsoftonline.com/error?code=7000222"}
[2026-02-09 08:25:55] [ERROR] bc-controller error Token request failed: {"error":"invalid_client","error_description":"AADSTS7000222: The provided client secret keys for app '4423e0d6-d367-444c-b25e-01898b8886d2' are expired. Visit the Azure portal to create new keys for your app: https://aka.ms/NewClientSecret, or consider using certificate credentials for added security: https://aka.ms/certCreds. Trace ID: 8623d58d-17d2-47b1-813a-b0caadf97f00 Correlation ID: 6b29044d-1fb4-4807-86e2-82dea909f500 Timestamp: 2026-02-09 01:25:57Z","error_codes":[7000222],"timestamp":"2026-02-09 01:25:57Z","trace_id":"8623d58d-17d2-47b1-813a-b0caadf97f00","correlation_id":"6b29044d-1fb4-4807-86e2-82dea909f500","error_uri":"https://login.microsoftonline.com/error?code=7000222"} {"endpoint":"GET /salesOrders","code":"BC_AUTH_FAILED","stack":"BCAuthError: Token request failed: {\"error\":\"invalid_client\",\"error_description\":\"AADSTS7000222: The provided client secret keys for app '4423e0d6-d367-444c-b25e-01898b8886d2' are expired. Visit the Azure portal to create new keys for your app: https://aka.ms/NewClientSecret, or consider using certificate credentials for added security: https://aka.ms/certCreds. Trace ID: 8623d58d-17d2-47b1-813a-b0caadf97f00 Correlation ID: 6b29044d-1fb4-4807-86e2-82dea909f500 Timestamp: 2026-02-09 01:25:57Z\",\"error_codes\":[7000222],\"timestamp\":\"2026-02-09 01:25:57Z\",\"trace_id\":\"8623d58d-17d2-47b1-813a-b0caadf97f00\",\"correlation_id\":\"6b29044d-1fb4-4807-86e2-82dea909f500\",\"error_uri\":\"https://login.microsoftonline.com/error?code=7000222\"}\n    at BCClient.getAccessToken (E:\\chh_internal\\.next\\dev\\server\\chunks\\[root-of-the-server]__40e26e77._.js:457:23)\n    at process.processTicksAndRejections (node:internal/process/task_queues:105:5)\n    at async BCClient.fetch (E:\\chh_internal\\.next\\dev\\server\\chunks\\[root-of-the-server]__40e26e77._.js:568:23)\n    at async BCClient.get (E:\\chh_internal\\.next\\dev\\server\\chunks\\[root-of-the-server]__40e26e77._.js:616:24)\n    at async Object.getFiltered (E:\\chh_internal\\.next\\dev\\server\\chunks\\[root-of-the-server]__40e26e77._.js:1001:24)\n    at async GetAllUseCase (E:\\chh_internal\\.next\\dev\\server\\chunks\\[root-of-the-server]__40e26e77._.js:1024:34)\n    at async getAll (E:\\chh_internal\\.next\\dev\\server\\chunks\\[root-of-the-server]__40e26e77._.js:863:51)\n    at async AppRouteRouteModule.do (E:\\chh_internal\\node_modules\\next\\dist\\compiled\\next-server\\app-route-turbo.runtime.dev.js:5:37789)\n    at async AppRouteRouteModule.handle (E:\\chh_internal\\node_modules\\next\\dist\\compiled\\next-server\\app-route-turbo.runtime.dev.js:5:45045)\n    at async responseGenerator (E:\\chh_internal\\.next\\dev\\server\\chunks\\node_modules_next_81835ec5._.js:14333:38)\n    at async AppRouteRouteModule.handleResponse (E:\\chh_internal\\node_modules\\next\\dist\\compiled\\next-server\\app-route-turbo.runtime.dev.js:1:187851)\n    at async handleResponse (E:\\chh_internal\\.next\\dev\\server\\chunks\\node_modules_next_81835ec5._.js:14395:32)\n    at async handler (E:\\chh_internal\\.next\\dev\\server\\chunks\\node_modules_next_81835ec5._.js:14448:13)\n    at async DevServer.renderToResponseWithComponentsImpl (E:\\chh_internal\\node_modules\\next\\dist\\server\\base-server.js:1413:9)\n    at async DevServer.renderPageComponent (E:\\chh_internal\\node_modules\\next\\dist\\server\\base-server.js:1465:24)\n    at async DevServer.renderToResponseImpl (E:\\chh_internal\\node_modules\\next\\dist\\server\\base-server.js:1515:32)\n    at async DevServer.pipeImpl (E:\\chh_internal\\node_modules\\next\\dist\\server\\base-server.js:1021:25)\n    at async NextNodeServer.handleCatchallRenderRequest (E:\\chh_internal\\node_modules\\next\\dist\\server\\next-server.js:394:17)\n    at async DevServer.handleRequestImpl (E:\\chh_internal\\node_modules\\next\\dist\\server\\base-server.js:912:17)\n    at async E:\\chh_internal\\node_modules\\next\\dist\\server\\dev\\next-dev-server.js:382:20\n    at async Span.traceAsyncFn (E:\\chh_internal\\node_modules\\next\\dist\\trace\\trace.js:157:20)\n    at async DevServer.handleRequest (E:\\chh_internal\\node_modules\\next\\dist\\server\\dev\\next-dev-server.js:378:24)\n    at async invokeRender (E:\\chh_internal\\node_modules\\next\\dist\\server\\lib\\router-server.js:240:21)\n    at async handleRequest (E:\\chh_internal\\node_modules\\next\\dist\\server\\lib\\router-server.js:436:24)\n    at async requestHandlerImpl (E:\\chh_internal\\node_modules\\next\\dist\\server\\lib\\router-server.js:484:13)\n    at async Server.requestListener (E:\\chh_internal\\node_modules\\next\\dist\\server\\lib\\start-server.js:226:13)"}
[2026-02-09 08:31:25] [INFO] Logger initialized successfully {"logDir":"E:\\chh_internal\\logs"}
[2026-02-09 08:31:31] [INFO] GetAllSalesOrdersOnline start {"number":null,"customerNumber":null,"customerName":null,"status":null,"orderDateFrom":null,"orderDateTo":null,"limit":100,"salesperson":"ONLINE"}
[2026-02-09 08:31:31] [INFO] GetAllSalesOrdersOnline start {"number":null,"customerNumber":null,"customerName":null,"status":null,"orderDateFrom":null,"orderDateTo":null,"limit":100,"salesperson":"ONLINE"}
[2026-02-09 08:31:35] [INFO] GetAllSalesOrdersOnline success {"total":45,"returned":45}
[2026-02-09 08:31:35] [INFO] GetAllSalesOrdersOnline success {"total":45,"returned":45}
[2026-02-09 08:37:07] [INFO] GetAllSalesOrdersOnline start {"number":null,"customerNumber":null,"customerName":null,"status":null,"orderDateFrom":null,"orderDateTo":null,"limit":100,"salesperson":"ONLINE"}
[2026-02-09 08:37:07] [INFO] GetAllSalesOrdersOnline start {"number":null,"customerNumber":null,"customerName":null,"status":null,"orderDateFrom":null,"orderDateTo":null,"limit":100,"salesperson":"ONLINE"}
[2026-02-09 08:37:10] [INFO] GetAllSalesOrdersOnline success {"total":45,"returned":45}
[2026-02-09 08:37:10] [INFO] GetAllSalesOrdersOnline success {"total":45,"returned":45}
[2026-02-09 10:18:10] [INFO] Logger initialized successfully {"logDir":"E:\\chh_internal\\logs"}
[2026-02-09 10:18:10] [INFO] GetAllEmployeeUseCase start {"page":1,"limit":20}
[2026-02-09 10:18:10] [INFO] GetAllEmployeeUseCase success {"total":13,"returned":13}
[2026-02-09 10:18:19] [INFO] GetAllRoleUseCase start {"page":1,"limit":100}
[2026-02-09 10:18:19] [INFO] GetAllDepartmentUseCase start {"page":1,"limit":100}
[2026-02-09 10:18:19] [INFO] GetAllRoleUseCase success {"total":13,"returned":13}
[2026-02-09 10:18:19] [INFO] GetAllDepartmentUseCase success {"total":8,"returned":8}
[2026-02-09 10:18:20] [INFO] Logger initialized successfully {"logDir":"E:\\chh_internal\\logs"}
[2026-02-09 10:18:21] [INFO] GetEmployeeByIdUseCase start {"id":"cml8vm6pw006ucrxs25qpcwji"}
[2026-02-09 10:18:21] [INFO] GetEmployeeByIdUseCase success {"id":"cml8vm6pw006ucrxs25qpcwji","email":"robert.taylor@evergreen.com"}
[2026-02-09 10:18:28] [INFO] GetAllEmployeeUseCase start {"page":1,"limit":20}
[2026-02-09 10:18:28] [INFO] GetAllEmployeeUseCase success {"total":13,"returned":13}
[2026-02-09 10:18:32] [INFO] GetAllAccountUseCase start {"page":1,"limit":20}
[2026-02-09 10:18:32] [INFO] GetAllAccountUseCase success {"total":12,"returned":12}
[2026-02-09 10:18:38] [INFO] Logger initialized successfully {"logDir":"E:\\chh_internal\\logs"}
[2026-02-09 10:18:38] [INFO] GetAccountByIdUseCase start {"id":"cml8vm6b7006acrxsuwy8nd7f"}
[2026-02-09 10:18:38] [INFO] GetAccountByIdUseCase success {"id":"cml8vm6b7006acrxsuwy8nd7f","username":"superadmin"}
[2026-02-09 10:18:44] [INFO] GetAllAccountUseCase start {"page":1,"limit":20}
[2026-02-09 10:18:44] [INFO] GetAllAccountUseCase success {"total":12,"returned":12}
[2026-02-09 10:20:05] [INFO] Logger initialized successfully {"logDir":"E:\\chh_internal\\logs"}
[2026-02-09 10:20:54] [INFO] GetAllSalesOrdersOnline start {"number":null,"customerNumber":null,"customerName":null,"status":null,"orderDateFrom":null,"orderDateTo":null,"limit":100,"salesperson":"ONLINE"}
[2026-02-09 10:20:57] [INFO] GetAllSalesOrdersOnline success {"total":45,"returned":45}
[2026-02-09 10:23:18] [INFO] GetAllSalesOrdersOnline start {"number":null,"customerNumber":null,"customerName":null,"status":null,"orderDateFrom":null,"orderDateTo":null,"limit":100,"salesperson":"ONLINE"}
[2026-02-09 10:23:20] [INFO] GetAllSalesOrdersOnline success {"total":45,"returned":45}
[2026-02-09 10:27:23] [INFO] GetAllAccountUseCase start {"page":1,"limit":20}
[2026-02-09 10:27:23] [INFO] GetAllAccountUseCase success {"total":12,"returned":12}
[2026-02-09 10:27:25] [INFO] GetAccountByIdUseCase start {"id":"cml8vm6b7006acrxsuwy8nd7f"}
[2026-02-09 10:27:25] [INFO] GetAccountByIdUseCase success {"id":"cml8vm6b7006acrxsuwy8nd7f","username":"superadmin"}
[2026-02-09 10:27:26] [INFO] Logger initialized successfully {"logDir":"E:\\chh_internal\\logs"}
[2026-02-09 10:27:27] [INFO] GetAllAccountUseCase start {"page":1,"limit":20}
[2026-02-09 10:27:27] [INFO] GetAllAccountUseCase success {"total":12,"returned":12}
[2026-02-09 11:28:00] [INFO] Logger initialized successfully {"logDir":"E:\\chh_internal\\logs"}
[2026-02-09 11:29:27] [INFO] Logger initialized successfully {"logDir":"E:\\chh_internal\\logs"}
[2026-02-09 11:29:27] [INFO] Logger initialized successfully {"logDir":"E:\\chh_internal\\logs"}
[2026-02-09 11:29:27] [INFO] Logger initialized successfully {"logDir":"E:\\chh_internal\\logs"}
[2026-02-09 11:29:27] [INFO] Logger initialized successfully {"logDir":"E:\\chh_internal\\logs"}
[2026-02-09 11:29:27] [INFO] Logger initialized successfully {"logDir":"E:\\chh_internal\\logs"}
[2026-02-09 11:29:27] [INFO] Logger initialized successfully {"logDir":"E:\\chh_internal\\logs"}
[2026-02-09 11:29:27] [INFO] Logger initialized successfully {"logDir":"E:\\chh_internal\\logs"}
[2026-02-09 11:29:27] [INFO] Logger initialized successfully {"logDir":"E:\\chh_internal\\logs"}
[2026-02-09 11:29:27] [INFO] Logger initialized successfully {"logDir":"E:\\chh_internal\\logs"}
[2026-02-09 11:31:12] [INFO] Logger initialized successfully {"logDir":"E:\\chh_internal\\logs"}
[2026-02-09 11:31:12] [INFO] Logger initialized successfully {"logDir":"E:\\chh_internal\\logs"}
[2026-02-09 11:31:12] [INFO] Logger initialized successfully {"logDir":"E:\\chh_internal\\logs"}
[2026-02-09 11:31:12] [INFO] Logger initialized successfully {"logDir":"E:\\chh_internal\\logs"}
[2026-02-09 11:31:12] [INFO] Logger initialized successfully {"logDir":"E:\\chh_internal\\logs"}
[2026-02-09 11:33:44] [INFO] Logger initialized successfully {"logDir":"E:\\chh_internal\\logs"}
[2026-02-09 11:33:44] [INFO] Logger initialized successfully {"logDir":"E:\\chh_internal\\logs"}
[2026-02-09 11:33:45] [INFO] Logger initialized successfully {"logDir":"E:\\chh_internal\\logs"}
[2026-02-09 11:33:45] [INFO] Logger initialized successfully {"logDir":"E:\\chh_internal\\logs"}
[2026-02-09 11:33:45] [INFO] Logger initialized successfully {"logDir":"E:\\chh_internal\\logs"}
[2026-02-09 11:33:45] [INFO] Logger initialized successfully {"logDir":"E:\\chh_internal\\logs"}
[2026-02-09 11:36:33] [INFO] Logger initialized successfully {"logDir":"E:\\chh_internal\\logs"}
[2026-02-09 11:36:33] [INFO] Logger initialized successfully {"logDir":"E:\\chh_internal\\logs"}
[2026-02-09 11:36:33] [INFO] Logger initialized successfully {"logDir":"E:\\chh_internal\\logs"}
[2026-02-09 11:36:34] [INFO] Logger initialized successfully {"logDir":"E:\\chh_internal\\logs"}
[2026-02-09 11:36:34] [INFO] Logger initialized successfully {"logDir":"E:\\chh_internal\\logs"}
[2026-02-09 11:38:48] [INFO] Logger initialized successfully {"logDir":"E:\\chh_internal\\logs"}
[2026-02-09 11:38:48] [INFO] Logger initialized successfully {"logDir":"E:\\chh_internal\\logs"}
[2026-02-09 11:38:48] [INFO] Logger initialized successfully {"logDir":"E:\\chh_internal\\logs"}
[2026-02-09 11:38:48] [INFO] Logger initialized successfully {"logDir":"E:\\chh_internal\\logs"}
[2026-02-09 11:38:49] [INFO] Logger initialized successfully {"logDir":"E:\\chh_internal\\logs"}
[2026-02-09 11:38:48] [INFO] Logger initialized successfully {"logDir":"E:\\chh_internal\\logs"}
[2026-02-09 11:38:48] [INFO] Logger initialized successfully {"logDir":"E:\\chh_internal\\logs"}
[2026-02-09 11:38:49] [INFO] Logger initialized successfully {"logDir":"E:\\chh_internal\\logs"}
[2026-02-09 11:38:49] [INFO] Logger initialized successfully {"logDir":"E:\\chh_internal\\logs"}
[2026-02-09 11:38:49] [INFO] Logger initialized successfully {"logDir":"E:\\chh_internal\\logs"}
[2026-02-09 11:38:49] [INFO] Logger initialized successfully {"logDir":"E:\\chh_internal\\logs"}
[2026-02-09 11:38:49] [INFO] Logger initialized successfully {"logDir":"E:\\chh_internal\\logs"}
[2026-02-09 11:38:49] [INFO] Logger initialized successfully {"logDir":"E:\\chh_internal\\logs"}
[2026-02-09 11:38:49] [INFO] Logger initialized successfully {"logDir":"E:\\chh_internal\\logs"}
[2026-02-09 11:38:49] [INFO] Logger initialized successfully {"logDir":"E:\\chh_internal\\logs"}
[2026-02-09 11:42:55] [INFO] Logger initialized successfully {"logDir":"E:\\chh_internal\\logs"}
[2026-02-09 11:42:55] [INFO] Logger initialized successfully {"logDir":"E:\\chh_internal\\logs"}
[2026-02-09 11:42:55] [INFO] Logger initialized successfully {"logDir":"E:\\chh_internal\\logs"}
[2026-02-09 11:48:03] [INFO] Logger initialized successfully {"logDir":"E:\\chh_internal\\logs"}
[2026-02-09 11:48:03] [INFO] Logger initialized successfully {"logDir":"E:\\chh_internal\\logs"}
[2026-02-09 11:48:03] [INFO] Logger initialized successfully {"logDir":"E:\\chh_internal\\logs"}
[2026-02-09 11:48:03] [INFO] Logger initialized successfully {"logDir":"E:\\chh_internal\\logs"}
[2026-02-09 11:48:03] [INFO] Logger initialized successfully {"logDir":"E:\\chh_internal\\logs"}
[2026-02-09 11:48:03] [INFO] Logger initialized successfully {"logDir":"E:\\chh_internal\\logs"}
[2026-02-09 11:48:03] [INFO] Logger initialized successfully {"logDir":"E:\\chh_internal\\logs"}
[2026-02-09 11:48:03] [INFO] Logger initialized successfully {"logDir":"E:\\chh_internal\\logs"}
[2026-02-09 11:48:03] [INFO] Logger initialized successfully {"logDir":"E:\\chh_internal\\logs"}
[2026-02-09 11:50:03] [INFO] Logger initialized successfully {"logDir":"E:\\chh_internal\\logs"}
[2026-02-09 11:50:03] [INFO] Logger initialized successfully {"logDir":"E:\\chh_internal\\logs"}
[2026-02-09 11:50:03] [INFO] Logger initialized successfully {"logDir":"E:\\chh_internal\\logs"}
[2026-02-09 11:50:03] [INFO] Logger initialized successfully {"logDir":"E:\\chh_internal\\logs"}
[2026-02-09 11:50:03] [INFO] Logger initialized successfully {"logDir":"E:\\chh_internal\\logs"}
[2026-02-09 11:50:03] [INFO] Logger initialized successfully {"logDir":"E:\\chh_internal\\logs"}
[2026-02-09 11:50:03] [INFO] Logger initialized successfully {"logDir":"E:\\chh_internal\\logs"}
[2026-02-09 11:50:04] [INFO] Logger initialized successfully {"logDir":"E:\\chh_internal\\logs"}
[2026-02-09 11:50:03] [INFO] Logger initialized successfully {"logDir":"E:\\chh_internal\\logs"}
[2026-02-09 11:50:04] [INFO] Logger initialized successfully {"logDir":"E:\\chh_internal\\logs"}
[2026-02-09 11:50:04] [INFO] Logger initialized successfully {"logDir":"E:\\chh_internal\\logs"}
[2026-02-09 11:50:04] [INFO] Logger initialized successfully {"logDir":"E:\\chh_internal\\logs"}
[2026-02-09 11:50:04] [INFO] Logger initialized successfully {"logDir":"E:\\chh_internal\\logs"}
[2026-02-09 11:50:04] [INFO] Logger initialized successfully {"logDir":"E:\\chh_internal\\logs"}
[2026-02-09 11:50:04] [INFO] Logger initialized successfully {"logDir":"E:\\chh_internal\\logs"}
[2026-02-09 11:50:03] [INFO] Logger initialized successfully {"logDir":"E:\\chh_internal\\logs"}
[2026-02-09 11:50:04] [INFO] Logger initialized successfully {"logDir":"E:\\chh_internal\\logs"}
[2026-02-09 11:50:49] [INFO] Logger initialized successfully {"logDir":"E:\\chh_internal\\logs"}
[2026-02-09 11:50:49] [INFO] Logger initialized successfully {"logDir":"E:\\chh_internal\\logs"}
[2026-02-09 11:50:50] [INFO] Logger initialized successfully {"logDir":"E:\\chh_internal\\logs"}
[2026-02-09 11:50:50] [INFO] Logger initialized successfully {"logDir":"E:\\chh_internal\\logs"}
[2026-02-09 11:50:50] [INFO] Logger initialized successfully {"logDir":"E:\\chh_internal\\logs"}
[2026-02-09 11:50:50] [INFO] Logger initialized successfully {"logDir":"E:\\chh_internal\\logs"}
[2026-02-09 11:50:50] [INFO] Logger initialized successfully {"logDir":"E:\\chh_internal\\logs"}
[2026-02-09 11:50:50] [INFO] Logger initialized successfully {"logDir":"E:\\chh_internal\\logs"}
[2026-02-09 11:50:50] [INFO] Logger initialized successfully {"logDir":"E:\\chh_internal\\logs"}
[2026-02-09 11:50:50] [INFO] Logger initialized successfully {"logDir":"E:\\chh_internal\\logs"}
[2026-02-09 11:50:50] [INFO] Logger initialized successfully {"logDir":"E:\\chh_internal\\logs"}
[2026-02-09 11:50:50] [INFO] Logger initialized successfully {"logDir":"E:\\chh_internal\\logs"}
[2026-02-09 11:50:50] [INFO] Logger initialized successfully {"logDir":"E:\\chh_internal\\logs"}
[2026-02-09 11:50:50] [INFO] Logger initialized successfully {"logDir":"E:\\chh_internal\\logs"}
[2026-02-09 11:50:50] [INFO] Logger initialized successfully {"logDir":"E:\\chh_internal\\logs"}
[2026-02-09 11:50:50] [INFO] Logger initialized successfully {"logDir":"E:\\chh_internal\\logs"}
[2026-02-09 11:50:58] [INFO] Logger initialized successfully {"logDir":"E:\\chh_internal\\logs"}
[2026-02-09 11:51:06] [INFO] GetAllEmployeeUseCase start {"page":1,"limit":20}
[2026-02-09 11:51:06] [INFO] GetAllEmployeeUseCase success {"total":13,"returned":13}
[2026-02-09 11:51:08] [INFO] GetAllDepartmentUseCase start {"page":1,"limit":100}
[2026-02-09 11:51:08] [INFO] GetAllRoleUseCase start {"page":1,"limit":100}
[2026-02-09 11:51:08] [INFO] GetAllDepartmentUseCase success {"total":8,"returned":8}
[2026-02-09 11:51:08] [INFO] GetAllRoleUseCase success {"total":13,"returned":13}
[2026-02-09 11:51:10] [INFO] GetAllEmployeeUseCase start {"page":1,"limit":20}
[2026-02-09 11:51:10] [INFO] GetAllEmployeeUseCase success {"total":13,"returned":13}
[2026-02-09 11:51:12] [INFO] GetEmployeeByIdUseCase start {"id":"cml8vm5wa0066crxsgwca542x"}
[2026-02-09 11:51:12] [INFO] GetAllDepartmentUseCase start {"page":1,"limit":100}
[2026-02-09 11:51:12] [INFO] GetAllRoleUseCase start {"page":1,"limit":100}
[2026-02-09 11:51:12] [INFO] GetAllDepartmentUseCase success {"total":8,"returned":8}
[2026-02-09 11:51:12] [INFO] GetEmployeeByIdUseCase success {"id":"cml8vm5wa0066crxsgwca542x","email":"superadmin@evergreen.com"}
[2026-02-09 11:51:12] [INFO] GetAllRoleUseCase success {"total":13,"returned":13}
[2026-02-09 11:51:13] [INFO] GetAllEmployeeUseCase start {"page":1,"limit":20}
[2026-02-09 11:51:13] [INFO] GetAllEmployeeUseCase success {"total":13,"returned":13}
[2026-02-09 11:51:14] [INFO] GetAllAccountUseCase start {"page":1,"limit":20}
[2026-02-09 11:51:14] [INFO] GetAllAccountUseCase success {"total":12,"returned":12}
[2026-02-09 11:51:15] [INFO] GetAccountByIdUseCase start {"id":"cml8vm6b7006acrxsuwy8nd7f"}
[2026-02-09 11:51:15] [INFO] GetAccountByIdUseCase success {"id":"cml8vm6b7006acrxsuwy8nd7f","username":"superadmin"}
[2026-02-09 11:51:16] [INFO] GetAllAccountUseCase start {"page":1,"limit":20}
[2026-02-09 11:51:16] [INFO] GetAllAccountUseCase success {"total":12,"returned":12}
[2026-02-09 11:51:17] [INFO] GetAllEmployeeUseCase start {"page":1,"limit":100}
[2026-02-09 11:51:17] [INFO] GetAllEmployeeUseCase success {"total":13,"returned":13}
[2026-02-09 11:51:17] [INFO] GetAllAccountUseCase start {"page":1,"limit":20}
[2026-02-09 11:51:17] [INFO] GetAllAccountUseCase success {"total":12,"returned":12}
[2026-02-09 11:51:18] [INFO] GetAllPermissionUseCase start {"page":1,"limit":100}
[2026-02-09 11:51:18] [INFO] GetAllPermissionUseCase success {"total":54,"returned":54}
[2026-02-09 11:51:20] [INFO] GetAllPermissionUseCase start {"page":1,"limit":100}
[2026-02-09 11:51:20] [INFO] GetAllPermissionUseCase success {"total":54,"returned":54}
[2026-02-09 11:51:22] [INFO] GetPermissionByIdUseCase start {"id":"cml8vm5730000crxso89eltax"}
[2026-02-09 11:51:22] [INFO] GetPermissionByIdUseCase success {"id":"cml8vm5730000crxso89eltax","name":"superadmin"}
[2026-02-09 11:51:23] [INFO] GetAllPermissionUseCase start {"page":1,"limit":100}
[2026-02-09 11:51:23] [INFO] GetAllPermissionUseCase success {"total":54,"returned":54}
[2026-02-09 11:51:24] [INFO] GetAllDepartmentUseCase start {"page":1,"limit":20}
[2026-02-09 11:51:24] [INFO] GetAllDepartmentUseCase success {"total":8,"returned":8}
[2026-02-09 11:51:25] [INFO] GetDepartmentByIdUseCase start {"id":"cml8vm5i4001icrxsdkqq102h"}
[2026-02-09 11:51:25] [INFO] GetDepartmentByIdUseCase success {"id":"cml8vm5i4001icrxsdkqq102h","name":"Executive"}
[2026-02-09 11:51:26] [INFO] GetAllDepartmentUseCase start {"page":1,"limit":20}
[2026-02-09 11:51:26] [INFO] GetAllDepartmentUseCase success {"total":8,"returned":8}
[2026-02-09 11:51:29] [INFO] GetAllDepartmentUseCase start {"page":1,"limit":20}
[2026-02-09 11:51:29] [INFO] GetAllDepartmentUseCase success {"total":8,"returned":8}
[2026-02-09 11:51:30] [INFO] GetAllDepartmentUseCase start {"page":1,"limit":20}
[2026-02-09 11:51:30] [INFO] GetAllDepartmentUseCase success {"total":8,"returned":8}
[2026-02-09 11:51:31] [INFO] GetAllRoleUseCase start {"page":1,"limit":20}
[2026-02-09 11:51:31] [INFO] GetAllRoleUseCase success {"total":13,"returned":13}
[2026-02-09 11:51:33] [INFO] GetAllRoleUseCase start {"page":1,"limit":20}
[2026-02-09 11:51:33] [INFO] GetAllRoleUseCase success {"total":13,"returned":13}
[2026-02-09 11:51:34] [INFO] GetRoleByIdUseCase start {"id":"cml8vm5iz001qcrxseh673ewi"}
[2026-02-09 11:51:34] [INFO] GetRoleByIdUseCase success {"id":"cml8vm5iz001qcrxseh673ewi","name":"Super Admin"}
[2026-02-09 11:51:35] [INFO] GetAllRoleUseCase start {"page":1,"limit":20}
[2026-02-09 11:51:35] [INFO] GetAllRoleUseCase success {"total":13,"returned":13}
[2026-02-09 11:51:35] [INFO] GetAllRoleUseCase start {"page":1,"limit":20}
[2026-02-09 11:51:35] [INFO] GetAllPermissionUseCase start {"page":1,"limit":100}
[2026-02-09 11:51:35] [INFO] GetAllRoleUseCase success {"total":13,"returned":13}
[2026-02-09 11:51:35] [INFO] GetAllPermissionUseCase success {"total":54,"returned":54}
[2026-02-09 11:51:37] [INFO] GetAllEmployeeUseCase start {"page":1,"limit":20}
[2026-02-09 11:51:37] [INFO] GetAllRoleUseCase start {"page":1,"limit":20}
[2026-02-09 11:51:37] [INFO] GetAllEmployeeUseCase success {"total":13,"returned":13}
[2026-02-09 11:51:37] [INFO] GetAllRoleUseCase success {"total":13,"returned":13}
[2026-02-09 11:51:39] [INFO] GetEmployeeRolesUseCase start {"employeeId":"cml8vm6ci006ccrxs0ixd0cm4"}
[2026-02-09 11:51:39] [INFO] GetEmployeeRolesUseCase success {"employeeId":"cml8vm6ci006ccrxs0ixd0cm4","total":1}
[2026-02-09 11:51:40] [INFO] GetAllRoleUseCase start {"page":1,"limit":20}
[2026-02-09 11:51:40] [INFO] GetAllPermissionUseCase start {"page":1,"limit":100}
[2026-02-09 11:51:40] [INFO] GetAllRoleUseCase success {"total":13,"returned":13}
[2026-02-09 11:51:40] [INFO] GetAllPermissionUseCase success {"total":54,"returned":54}
[2026-02-09 11:51:41] [INFO] GetRolePermissionsUseCase start {"roleId":"cml8vm5le002icrxsrp193j6h"}
[2026-02-09 11:51:41] [INFO] GetRolePermissionsUseCase success {"roleId":"cml8vm5le002icrxsrp193j6h","total":4}
[2026-02-09 11:51:48] [INFO] GetAllVisitorUseCase start {"page":1,"limit":20}
[2026-02-09 11:51:48] [INFO] GetAllVisitorUseCase success {"total":0,"returned":0}
[2026-02-09 11:51:50] [INFO] GetAllEmployeeUseCase start {"page":1,"limit":100}
[2026-02-09 11:51:50] [INFO] GetAllEmployeeUseCase success {"total":13,"returned":13}
[2026-02-09 11:51:54] [INFO] GetAllVisitorUseCase start {"page":1,"limit":20}
[2026-02-09 11:51:54] [INFO] GetAllVisitorUseCase success {"total":0,"returned":0}
[2026-02-09 11:51:55] [INFO] GetAllPatrolUseCase start {"page":1,"limit":20}
[2026-02-09 11:51:55] [INFO] GetAllPatrolUseCase success {"total":0,"returned":0}
[2026-02-09 11:51:57] [INFO] GetAllPatrolUseCase start {"page":1,"limit":20}
[2026-02-09 11:51:57] [INFO] GetAllPatrolUseCase success {"total":0,"returned":0}
[2026-02-09 11:52:03] [INFO] GetAllPatrolUseCase start {"page":1,"limit":20}
[2026-02-09 11:52:03] [INFO] GetAllPatrolUseCase success {"total":0,"returned":0}
[2026-02-09 11:52:06] [INFO] GetAllCatPackingItems start {"displayName":null,"number":null,"description":null,"limit":500,"inventoryPostingGroupCode":"PK"}
[2026-02-09 11:52:07] [INFO] GetAllCatPackingItems success {"total":19,"returned":19}
[2026-02-09 11:52:13] [INFO] GetAllCatPackingItems start {"displayName":null,"number":null,"description":null,"limit":500,"inventoryPostingGroupCode":"PK"}
[2026-02-09 11:52:13] [INFO] GetAllCatPackingItems success {"total":19,"returned":19}
[2026-02-09 11:52:18] [INFO] GetAllCatSupplyItems start {"displayName":null,"number":null,"description":null,"limit":500,"inventoryPostingGroupCode":"SP"}
[2026-02-09 11:52:20] [INFO] GetAllCatSupplyItems success {"total":740,"returned":740}
[2026-02-09 11:52:22] [INFO] GetAllCatFinishedGoodsItems start {"displayName":null,"number":null,"description":null,"includeZeroInventory":false,"limit":500,"inventoryPostingGroupCode":"FG","numberPrefix":"FG-"}
[2026-02-09 11:52:28] [INFO] GetAllCatFinishedGoodsItems success {"total":225,"returned":225}
[2026-02-09 11:52:28] [INFO] GetDimensionValues start {"codesCount":66,"dimensionCode":"PROJECT"}
[2026-02-09 11:52:28] [INFO] GetDimensionId success {"dimensionCode":"PROJECT","dimensionId":"5276f03a-e5f1-eb11-a1de-002248559e6c"}
[2026-02-09 11:52:29] [INFO] GetDimensionValues success {"source":"api","total":930}
[2026-02-09 11:52:29] [INFO] GetDimensionValues success {"found":51,"requested":66,"totalInDimension":713}
[2026-02-09 11:52:44] [INFO] GetAllSalesOrdersOnline start {"number":null,"customerNumber":null,"customerName":null,"status":null,"orderDateFrom":null,"orderDateTo":null,"limit":100,"salesperson":"ONLINE"}
[2026-02-09 11:52:46] [INFO] GetAllSalesOrdersOnline success {"total":45,"returned":45}
[2026-02-09 11:52:50] [INFO] GetAllMemoUseCase start {"page":1,"limit":20}
[2026-02-09 11:52:50] [INFO] GetAllMemoUseCase success {"total":1,"returned":1}
[2026-02-09 12:45:45] [INFO] Logger initialized successfully {"logDir":"E:\\chh_internal\\logs"}
[2026-02-09 12:45:45] [INFO] EMSTrackingAPI EMS tracking request {"barcode":"ED857991959TH"}
[2026-02-09 12:45:45] [ERROR] EMSService error
[2026-02-09 12:45:45] [ERROR] EMSService error
[2026-02-09 12:45:45] [ERROR] EMSTrackingAPI error
[2026-02-09 12:48:15] [INFO] Logger initialized successfully {"logDir":"E:\\chh_internal\\logs"}
[2026-02-09 12:48:15] [INFO] EMSTrackingAPI EMS tracking request {"barcode":"ed857991962th"}
[2026-02-09 12:48:15] [ERROR] EMSService error
[2026-02-09 12:48:15] [ERROR] EMSService error
[2026-02-09 12:48:15] [ERROR] EMSTrackingAPI error
[2026-02-09 12:49:41] [INFO] Logger initialized successfully {"logDir":"E:\\chh_internal\\logs"}
[2026-02-09 12:49:41] [INFO] EMSTrackingAPI EMS tracking request {"barcode":"ed857991962th"}
[2026-02-09 12:49:41] [INFO] EMSService Thailand Post API request {"barcode":"ED857991962TH","apiKeyPreview":"O+KyDuD7X@...S@NUJ","apiKeyLength":61}
[2026-02-09 12:49:42] [ERROR] EMSService error
[2026-02-09 12:49:42] [ERROR] EMSService error
[2026-02-09 12:49:42] [ERROR] EMSTrackingAPI error
[2026-02-09 12:50:14] [INFO] Logger initialized successfully {"logDir":"E:\\chh_internal\\logs"}
[2026-02-09 12:50:14] [INFO] EMSTrackingAPI EMS tracking request {"barcode":"ed857991962th"}
[2026-02-09 12:50:14] [INFO] EMSService Thailand Post API request {"barcode":"ED857991962TH","apiKeyPreview":"O+KyDuD7X@...FqNKG","apiKeyLength":77}
[2026-02-09 12:50:15] [ERROR] EMSService error
[2026-02-09 12:50:15] [ERROR] EMSService error
[2026-02-09 12:50:15] [ERROR] EMSTrackingAPI error
[2026-02-09 12:51:30] [INFO] Logger initialized successfully {"logDir":"E:\\chh_internal\\logs"}
[2026-02-09 12:51:30] [INFO] EMSTrackingAPI EMS tracking request {"barcode":"ed857991962th"}
[2026-02-09 12:51:30] [INFO] EMSService Thailand Post API request {"barcode":"ED857991962TH","apiKeyPreview":"O+KyDuD7X@...FqNKG","apiKeyLength":77}
[2026-02-09 12:51:30] [ERROR] EMSService error
[2026-02-09 12:51:30] [ERROR] EMSService error
[2026-02-09 12:51:30] [ERROR] EMSTrackingAPI error
[2026-02-09 12:51:54] [INFO] EMSTrackingAPI EMS tracking request {"barcode":"ed857991962th"}
[2026-02-09 12:51:54] [INFO] EMSService Thailand Post API request {"barcode":"ED857991962TH","apiKeyPreview":"O+KyDuD7X@...FqNKG","apiKeyLength":77}
[2026-02-09 12:51:54] [ERROR] EMSService error
[2026-02-09 12:51:54] [ERROR] EMSService error
[2026-02-09 12:51:54] [ERROR] EMSTrackingAPI error
[2026-02-09 12:51:55] [INFO] EMSTrackingAPI EMS tracking request {"barcode":"ed857991962th"}
[2026-02-09 12:51:55] [INFO] EMSService Thailand Post API request {"barcode":"ED857991962TH","apiKeyPreview":"O+KyDuD7X@...FqNKG","apiKeyLength":77}
[2026-02-09 12:51:55] [ERROR] EMSService error
[2026-02-09 12:51:55] [ERROR] EMSService error
[2026-02-09 12:51:55] [ERROR] EMSTrackingAPI error
[2026-02-09 13:57:27] [INFO] Logger initialized successfully {"logDir":"E:\\chh_internal\\logs"}
[2026-02-09 13:57:27] [ERROR] EMSRecordsAPI error
[2026-02-09 13:58:05] [INFO] Logger initialized successfully {"logDir":"E:\\chh_internal\\logs"}
[2026-02-09 13:58:05] [INFO] Logger initialized successfully {"logDir":"E:\\chh_internal\\logs"}
[2026-02-09 13:58:05] [INFO] Logger initialized successfully {"logDir":"E:\\chh_internal\\logs"}
[2026-02-09 13:58:05] [INFO] Logger initialized successfully {"logDir":"E:\\chh_internal\\logs"}
[2026-02-09 13:58:05] [INFO] Logger initialized successfully {"logDir":"E:\\chh_internal\\logs"}
[2026-02-09 13:58:05] [INFO] Logger initialized successfully {"logDir":"E:\\chh_internal\\logs"}
[2026-02-09 13:58:05] [INFO] Logger initialized successfully {"logDir":"E:\\chh_internal\\logs"}
[2026-02-09 13:58:05] [INFO] Logger initialized successfully {"logDir":"E:\\chh_internal\\logs"}
[2026-02-09 13:58:05] [INFO] Logger initialized successfully {"logDir":"E:\\chh_internal\\logs"}
[2026-02-09 13:58:05] [INFO] Logger initialized successfully {"logDir":"E:\\chh_internal\\logs"}
[2026-02-09 13:58:06] [INFO] Logger initialized successfully {"logDir":"E:\\chh_internal\\logs"}
[2026-02-09 13:58:06] [INFO] Logger initialized successfully {"logDir":"E:\\chh_internal\\logs"}
[2026-02-09 13:58:06] [INFO] Logger initialized successfully {"logDir":"E:\\chh_internal\\logs"}
[2026-02-09 13:58:06] [INFO] Logger initialized successfully {"logDir":"E:\\chh_internal\\logs"}
[2026-02-09 13:58:06] [INFO] Logger initialized successfully {"logDir":"E:\\chh_internal\\logs"}
[2026-02-09 13:58:05] [INFO] Logger initialized successfully {"logDir":"E:\\chh_internal\\logs"}
[2026-02-09 13:58:05] [INFO] Logger initialized successfully {"logDir":"E:\\chh_internal\\logs"}
[2026-02-09 13:58:08] [INFO] Logger initialized successfully {"logDir":"E:\\chh_internal\\logs"}
[2026-02-09 13:58:52] [ERROR] EMSRecordsAPI error
[2026-02-09 13:58:52] [ERROR] EMSRecordsAPI error
[2026-02-09 13:59:01] [ERROR] EMSRecordsAPI error
[2026-02-09 13:59:01] [ERROR] EMSRecordsAPI error
[2026-02-09 14:00:26] [INFO] Logger initialized successfully {"logDir":"E:\\chh_internal\\logs"}
[2026-02-09 14:03:08] [INFO] EMSTrackingAPI EMS tracking request {"barcode":"ed857991962th"}
[2026-02-09 14:03:08] [INFO] EMSService Requesting JWT token from Thailand Post {"apiKeyPreview":"S%LrKoNyNIS:WOE...WAS.X_F9Vo","tokenLength":100,"firstChars":"S%LrKoNyNIS:WOEUVqAk","lastChars":"WAS.X_F9Vo"}
[2026-02-09 14:03:09] [INFO] EMSService GetToken response {"status":200,"body":"{\"expire\":\"2026-03-09 14:03:09+07:00\",\"token\":\"eyJ0eXAiOiJKV1QiLCJhbGciOiJIUzUxMiJ9.eyJpc3MiOiJzZWN1cmUtYXBpIiwiYXVkIjoic2VjdXJlLWFwcCIsInN1YiI6IkF1dGhvcml6YXRpb24iLCJleHAiOjE3NzMwMzk3ODksInJvbCI6WyJST0xFX1VTRVIiXSwiZCpzaWciOnsicCI6InpXNzB4IiwicyI6bnVsbCwidSI6IjcxOGU0NzFjODg2YmFkM2E4NzM2ZmFjYjg4ZmU1OGVlIiwiZiI6InhzeiM5In19.am0uxgxUN5e2pgSzyYOxxx38dzIE_i7Sz-IEFES4uv4MTdL9mFxUcGIvWBRO8G2gMk7NZfhItiF63V0kna4OMg\"}"}
[2026-02-09 14:03:09] [INFO] EMSService JWT token obtained successfully {"expire":"2026-03-09 14:03:09+07:00"}
[2026-02-09 14:03:09] [INFO] EMSService Tracking EMS {"barcode":"ED857991962TH"}
[2026-02-09 14:03:09] [INFO] EMSService Track API response {"status":200,"body":"{\"response\":{\"items\":{\"ED857991962TH\":[{\"barcode\":\"ED857991962TH\",\"status\":\"103\",\"status_description\":\"รับฝาก\",\"status_date\":\"24/01/2569 15:36:38+07:00\",\"location\":\"ไทรน้อย\",\"postcode\":\"11150\",\"delivery_status\":null,\"delivery_description\":null,\"delivery_datetime\":null,\"receiver_name\":null,\"signature\":null,\"status_detail\":\"รับฝากสิ่งของ [ ที่ทำการไปรษณีย์ ไทรน้อย ]\",\"delivery_officer_name\":null,\"delivery_officer_tel\":null,\"office_name\":null,\"office_tel\":null,\"call_center_tel\":\"1545\"},{\"barcode\":\""}
[2026-02-09 14:03:58] [INFO] EMSRecordsAPI EMS record created {"emsId":"cmlett84o0001crhsseg86dpd","barcode":"ED857991962TH","createdBy":"cml8vm5wa0066crxsgwca542x"}
[2026-02-09 14:04:25] [INFO] EMSTrackingAPI EMS tracking request {"barcode":"ED857991962TH"}
[2026-02-09 14:04:25] [INFO] EMSService Using cached JWT token
[2026-02-09 14:04:25] [INFO] EMSService Tracking EMS {"barcode":"ED857991962TH"}
[2026-02-09 14:04:25] [INFO] EMSService Track API response {"status":200,"body":"{\"response\":{\"items\":{\"ED857991962TH\":[{\"barcode\":\"ED857991962TH\",\"status\":\"103\",\"status_description\":\"รับฝาก\",\"status_date\":\"24/01/2569 15:36:38+07:00\",\"location\":\"ไทรน้อย\",\"postcode\":\"11150\",\"delivery_status\":null,\"delivery_description\":null,\"delivery_datetime\":null,\"receiver_name\":null,\"signature\":null,\"status_detail\":\"รับฝากสิ่งของ [ ที่ทำการไปรษณีย์ ไทรน้อย ]\",\"delivery_officer_name\":null,\"delivery_officer_tel\":null,\"office_name\":null,\"office_tel\":null,\"call_center_tel\":\"1545\"},{\"barcode\":\""}
[2026-02-09 14:04:47] [INFO] Logger initialized successfully {"logDir":"E:\\chh_internal\\logs"}
[2026-02-09 14:04:48] [INFO] EMSRecordAPI EMS record updated {"emsId":"cmlett84o0001crhsseg86dpd","barcode":"ED857991962TH","updatedBy":"cml8vm5wa0066crxsgwca542x"}
[2026-02-09 14:05:12] [INFO] EMSTrackingAPI EMS tracking request {"barcode":"ED857991962TH"}
[2026-02-09 14:05:12] [INFO] EMSService Using cached JWT token
[2026-02-09 14:05:12] [INFO] EMSService Tracking EMS {"barcode":"ED857991962TH"}
[2026-02-09 14:05:12] [INFO] EMSService Track API response {"status":200,"body":"{\"response\":{\"items\":{\"ED857991962TH\":[{\"barcode\":\"ED857991962TH\",\"status\":\"103\",\"status_description\":\"รับฝาก\",\"status_date\":\"24/01/2569 15:36:38+07:00\",\"location\":\"ไทรน้อย\",\"postcode\":\"11150\",\"delivery_status\":null,\"delivery_description\":null,\"delivery_datetime\":null,\"receiver_name\":null,\"signature\":null,\"status_detail\":\"รับฝากสิ่งของ [ ที่ทำการไปรษณีย์ ไทรน้อย ]\",\"delivery_officer_name\":null,\"delivery_officer_tel\":null,\"office_name\":null,\"office_tel\":null,\"call_center_tel\":\"1545\"},{\"barcode\":\""}
[2026-02-09 14:09:16] [INFO] EMSTrackingAPI EMS tracking request {"barcode":"ed867991959th"}
[2026-02-09 14:09:16] [INFO] EMSService Using cached JWT token
[2026-02-09 14:09:16] [INFO] EMSService Tracking EMS {"barcode":"ED867991959TH"}
[2026-02-09 14:09:18] [INFO] EMSService Track API response {"status":200,"body":"{\"response\":{\"items\":{\"ED867991959TH\":[]},\"track_count\":{\"track_date\":\"09/02/2569\",\"count_number\":11,\"track_count_limit\":1000}},\"message\":\"successful\",\"status\":true}"}
[2026-02-09 14:09:18] [ERROR] EMSService error
[2026-02-09 14:09:18] [ERROR] EMSTrackingAPI error
[2026-02-09 14:09:43] [INFO] EMSTrackingAPI EMS tracking request {"barcode":"ed857991959th"}
[2026-02-09 14:09:43] [INFO] EMSService Using cached JWT token
[2026-02-09 14:09:43] [INFO] EMSService Tracking EMS {"barcode":"ED857991959TH"}
[2026-02-09 14:09:44] [INFO] EMSService Track API response {"status":200,"body":"{\"response\":{\"items\":{\"ED857991959TH\":[{\"barcode\":\"ED857991959TH\",\"status\":\"103\",\"status_description\":\"รับฝาก\",\"status_date\":\"24/01/2569 15:36:38+07:00\",\"location\":\"ไทรน้อย\",\"postcode\":\"11150\",\"delivery_status\":null,\"delivery_description\":null,\"delivery_datetime\":null,\"receiver_name\":null,\"signature\":null,\"status_detail\":\"รับฝากสิ่งของ [ ที่ทำการไปรษณีย์ ไทรน้อย ]\",\"delivery_officer_name\":null,\"delivery_officer_tel\":null,\"office_name\":null,\"office_tel\":null,\"call_center_tel\":\"1545\"},{\"barcode\":\""}
[2026-02-09 14:10:02] [INFO] EMSTrackingAPI EMS tracking request {"barcode":"ED857991962TH"}
[2026-02-09 14:10:02] [INFO] EMSService Using cached JWT token
[2026-02-09 14:10:02] [INFO] EMSService Tracking EMS {"barcode":"ED857991962TH"}
[2026-02-09 14:10:02] [INFO] EMSService Track API response {"status":200,"body":"{\"response\":{\"items\":{\"ED857991962TH\":[{\"barcode\":\"ED857991962TH\",\"status\":\"103\",\"status_description\":\"รับฝาก\",\"status_date\":\"24/01/2569 15:36:38+07:00\",\"location\":\"ไทรน้อย\",\"postcode\":\"11150\",\"delivery_status\":null,\"delivery_description\":null,\"delivery_datetime\":null,\"receiver_name\":null,\"signature\":null,\"status_detail\":\"รับฝากสิ่งของ [ ที่ทำการไปรษณีย์ ไทรน้อย ]\",\"delivery_officer_name\":null,\"delivery_officer_tel\":null,\"office_name\":null,\"office_tel\":null,\"call_center_tel\":\"1545\"},{\"barcode\":\""}
[2026-02-09 14:12:12] [INFO] Logger initialized successfully {"logDir":"E:\\chh_internal\\logs"}
[2026-02-09 14:12:12] [INFO] Logger initialized successfully {"logDir":"E:\\chh_internal\\logs"}
[2026-02-09 14:12:12] [INFO] Logger initialized successfully {"logDir":"E:\\chh_internal\\logs"}
[2026-02-09 14:12:12] [INFO] Logger initialized successfully {"logDir":"E:\\chh_internal\\logs"}
[2026-02-09 14:12:12] [INFO] Logger initialized successfully {"logDir":"E:\\chh_internal\\logs"}
[2026-02-09 14:12:12] [INFO] Logger initialized successfully {"logDir":"E:\\chh_internal\\logs"}
[2026-02-09 14:12:12] [INFO] Logger initialized successfully {"logDir":"E:\\chh_internal\\logs"}
[2026-02-09 14:12:12] [INFO] Logger initialized successfully {"logDir":"E:\\chh_internal\\logs"}
[2026-02-09 14:12:12] [INFO] Logger initialized successfully {"logDir":"E:\\chh_internal\\logs"}
[2026-02-09 14:12:12] [INFO] Logger initialized successfully {"logDir":"E:\\chh_internal\\logs"}
[2026-02-09 14:12:13] [INFO] Logger initialized successfully {"logDir":"E:\\chh_internal\\logs"}
[2026-02-09 14:12:13] [INFO] Logger initialized successfully {"logDir":"E:\\chh_internal\\logs"}
[2026-02-09 14:12:13] [INFO] Logger initialized successfully {"logDir":"E:\\chh_internal\\logs"}
[2026-02-09 14:12:13] [INFO] Logger initialized successfully {"logDir":"E:\\chh_internal\\logs"}
[2026-02-09 14:12:13] [INFO] Logger initialized successfully {"logDir":"E:\\chh_internal\\logs"}
[2026-02-09 14:12:13] [INFO] Logger initialized successfully {"logDir":"E:\\chh_internal\\logs"}
[2026-02-09 14:12:12] [INFO] Logger initialized successfully {"logDir":"E:\\chh_internal\\logs"}
[2026-02-09 14:12:15] [INFO] Logger initialized successfully {"logDir":"E:\\chh_internal\\logs"}
[2026-02-09 14:20:16] [INFO] EMSTrackingAPI EMS tracking request {"barcode":"ED857991959TH"}
[2026-02-09 14:20:16] [INFO] EMSService Using cached JWT token
[2026-02-09 14:20:16] [INFO] EMSService Tracking EMS {"barcode":"ED857991959TH"}
[2026-02-09 14:20:16] [INFO] EMSService Track API response {"status":200,"body":"{\"response\":{\"items\":{\"ED857991959TH\":[{\"barcode\":\"ED857991959TH\",\"status\":\"103\",\"status_description\":\"รับฝาก\",\"status_date\":\"24/01/2569 15:36:38+07:00\",\"location\":\"ไทรน้อย\",\"postcode\":\"11150\",\"delivery_status\":null,\"delivery_description\":null,\"delivery_datetime\":null,\"receiver_name\":null,\"signature\":null,\"status_detail\":\"รับฝากสิ่งของ [ ที่ทำการไปรษณีย์ ไทรน้อย ]\",\"delivery_officer_name\":null,\"delivery_officer_tel\":null,\"office_name\":null,\"office_tel\":null,\"call_center_tel\":\"1545\"},{\"barcode\":\""}
[2026-02-09 14:23:40] [INFO] EMSTrackingAPI EMS tracking request {"barcode":"ED857991959TH"}
[2026-02-09 14:23:40] [INFO] EMSService Using cached JWT token
[2026-02-09 14:23:40] [INFO] EMSService Tracking EMS {"barcode":"ED857991959TH"}
[2026-02-09 14:23:41] [INFO] EMSService Track API response {"status":200,"body":"{\"response\":{\"items\":{\"ED857991959TH\":[{\"barcode\":\"ED857991959TH\",\"status\":\"103\",\"status_description\":\"รับฝาก\",\"status_date\":\"24/01/2569 15:36:38+07:00\",\"location\":\"ไทรน้อย\",\"postcode\":\"11150\",\"delivery_status\":null,\"delivery_description\":null,\"delivery_datetime\":null,\"receiver_name\":null,\"signature\":null,\"status_detail\":\"รับฝากสิ่งของ [ ที่ทำการไปรษณีย์ ไทรน้อย ]\",\"delivery_officer_name\":null,\"delivery_officer_tel\":null,\"office_name\":null,\"office_tel\":null,\"call_center_tel\":\"1545\"},{\"barcode\":\""}
[2026-02-09 15:03:24] [INFO] Logger initialized successfully {"logDir":"E:\\chh_internal\\logs"}
[2026-02-09 15:03:24] [INFO] Logger initialized successfully {"logDir":"E:\\chh_internal\\logs"}
[2026-02-09 15:03:24] [INFO] Logger initialized successfully {"logDir":"E:\\chh_internal\\logs"}
[2026-02-09 15:03:24] [INFO] Logger initialized successfully {"logDir":"E:\\chh_internal\\logs"}
[2026-02-09 15:03:24] [INFO] Logger initialized successfully {"logDir":"E:\\chh_internal\\logs"}
[2026-02-09 15:03:24] [INFO] Logger initialized successfully {"logDir":"E:\\chh_internal\\logs"}
[2026-02-09 15:03:24] [INFO] Logger initialized successfully {"logDir":"E:\\chh_internal\\logs"}
[2026-02-09 15:03:24] [INFO] Logger initialized successfully {"logDir":"E:\\chh_internal\\logs"}
[2026-02-09 15:03:24] [INFO] Logger initialized successfully {"logDir":"E:\\chh_internal\\logs"}
[2026-02-09 15:03:24] [INFO] Logger initialized successfully {"logDir":"E:\\chh_internal\\logs"}
[2026-02-09 15:03:24] [INFO] Logger initialized successfully {"logDir":"E:\\chh_internal\\logs"}
[2026-02-09 15:03:24] [INFO] Logger initialized successfully {"logDir":"E:\\chh_internal\\logs"}
[2026-02-09 15:03:24] [INFO] Logger initialized successfully {"logDir":"E:\\chh_internal\\logs"}
[2026-02-09 15:03:24] [INFO] Logger initialized successfully {"logDir":"E:\\chh_internal\\logs"}
[2026-02-09 15:03:24] [INFO] Logger initialized successfully {"logDir":"E:\\chh_internal\\logs"}
[2026-02-09 15:03:24] [INFO] Logger initialized successfully {"logDir":"E:\\chh_internal\\logs"}
[2026-02-09 15:03:27] [INFO] Logger initialized successfully {"logDir":"E:\\chh_internal\\logs"}
[2026-02-09 15:03:45] [INFO] Logger initialized successfully {"logDir":"E:\\chh_internal\\logs"}
[2026-02-09 15:08:14] [INFO] GetAllSalesOrdersOnline start {"number":null,"customerNumber":null,"customerName":null,"status":null,"orderDateFrom":null,"orderDateTo":null,"limit":100,"salesperson":"ONLINE"}
[2026-02-09 15:08:17] [INFO] GetAllSalesOrdersOnline success {"total":45,"returned":45}
[2026-02-09 15:13:32] [INFO] GetAllSalesOrdersOnline start {"number":null,"customerNumber":null,"customerName":null,"status":null,"orderDateFrom":null,"orderDateTo":null,"limit":100,"salesperson":"ONLINE"}
[2026-02-09 15:13:34] [INFO] GetAllSalesOrdersOnline success {"total":45,"returned":45}
[2026-02-09 15:14:00] [INFO] GetAllCatFinishedGoodsItems start {"displayName":null,"number":null,"description":null,"includeZeroInventory":false,"limit":500,"inventoryPostingGroupCode":"FG","numberPrefix":"FG-"}
[2026-02-09 15:14:09] [INFO] GetAllCatFinishedGoodsItems success {"total":225,"returned":225}
[2026-02-09 15:14:09] [INFO] GetDimensionValues start {"codesCount":66,"dimensionCode":"PROJECT"}
[2026-02-09 15:14:10] [INFO] GetDimensionId success {"dimensionCode":"PROJECT","dimensionId":"5276f03a-e5f1-eb11-a1de-002248559e6c"}
[2026-02-09 15:14:11] [INFO] GetDimensionValues success {"source":"api","total":930}
[2026-02-09 15:14:11] [INFO] GetDimensionValues success {"found":51,"requested":66,"totalInDimension":713}
[2026-02-09 15:14:45] [INFO] GetAllCatFinishedGoodsItems start {"displayName":null,"number":null,"description":null,"includeZeroInventory":false,"limit":500,"inventoryPostingGroupCode":"FG","numberPrefix":"FG-"}
[2026-02-09 15:14:45] [INFO] GetAllCatFinishedGoodsItems success {"total":225,"returned":225}
[2026-02-09 15:14:45] [INFO] GetDimensionValues start {"codesCount":66,"dimensionCode":"PROJECT"}
[2026-02-09 15:14:45] [INFO] GetDimensionValues success {"source":"cache"}
[2026-02-09 15:14:45] [INFO] GetDimensionValues success {"found":51,"requested":66,"totalInDimension":713}
[2026-02-09 15:15:49] [INFO] GetAllSalesOrdersOnline start {"number":null,"customerNumber":null,"customerName":null,"status":null,"orderDateFrom":null,"orderDateTo":null,"limit":100,"salesperson":"ONLINE"}
[2026-02-09 15:15:51] [INFO] GetAllSalesOrdersOnline success {"total":45,"returned":45}
[2026-02-09 15:16:17] [INFO] GetAllRoleUseCase start {"page":1,"limit":20}
[2026-02-09 15:16:17] [INFO] GetAllPermissionUseCase start {"page":1,"limit":100}
[2026-02-09 15:16:17] [INFO] GetAllRoleUseCase success {"total":13,"returned":13}
[2026-02-09 15:16:17] [INFO] GetAllPermissionUseCase success {"total":54,"returned":54}
[2026-02-09 15:16:20] [INFO] GetRolePermissionsUseCase start {"roleId":"cml8vm5j9001tcrxs3ndcv7k7"}
[2026-02-09 15:16:21] [INFO] GetRolePermissionsUseCase success {"roleId":"cml8vm5j9001tcrxs3ndcv7k7","total":12}
[2026-02-09 15:16:55] [INFO] GetAllMemoUseCase start {"page":1,"limit":20}
[2026-02-09 15:16:55] [INFO] GetAllMemoUseCase success {"total":1,"returned":1}
[2026-02-09 15:16:58] [INFO] GetNextDocumentNoUseCase start
[2026-02-09 15:16:58] [INFO] GetNextDocumentNoUseCase success {"nextDocumentNo":"ME-2602-0002"}
[2026-02-09 15:17:38] [INFO] GetAllMemoUseCase start {"page":1,"limit":20}
[2026-02-09 15:17:38] [INFO] GetAllMemoUseCase success {"total":1,"returned":1}
[2026-02-09 15:17:58] [INFO] GetMemoByIdUseCase start {"id":"cml8yf1cy0007crrodunzv7d5"}
[2026-02-09 15:17:58] [INFO] GetMemoByIdUseCase success {"id":"cml8yf1cy0007crrodunzv7d5","documentNo":"ME-2602-0001"}
[2026-02-09 15:18:56] [INFO] EMSTrackingAPI EMS tracking request {"barcode":"Ed857991959TH"}
[2026-02-09 15:18:56] [INFO] EMSService Requesting JWT token from Thailand Post {"apiKeyPreview":"S%LrKoNyNIS:WOE...WAS.X_F9Vo","tokenLength":100,"firstChars":"S%LrKoNyNIS:WOEUVqAk","lastChars":"WAS.X_F9Vo"}
[2026-02-09 15:18:56] [INFO] EMSService GetToken response {"status":200,"body":"{\"expire\":\"2026-03-09 15:18:56+07:00\",\"token\":\"eyJ0eXAiOiJKV1QiLCJhbGciOiJIUzUxMiJ9.eyJpc3MiOiJzZWN1cmUtYXBpIiwiYXVkIjoic2VjdXJlLWFwcCIsInN1YiI6IkF1dGhvcml6YXRpb24iLCJleHAiOjE3NzMwNDQzMzYsInJvbCI6WyJST0xFX1VTRVIiXSwiZCpzaWciOnsicCI6InpXNzB4IiwicyI6bnVsbCwidSI6IjcxOGU0NzFjODg2YmFkM2E4NzM2ZmFjYjg4ZmU1OGVlIiwiZiI6InhzeiM5In19.cspVNHWFhOYrPbsJ9yXoXGbWq6_H0Md9-AtgqRnTe0_s8tSCp8aLwBJdnxNOX0o-Vtq1vVvEnF3wk6edds2LBA\"}"}
[2026-02-09 15:18:56] [INFO] EMSService JWT token obtained successfully {"expire":"2026-03-09 15:18:56+07:00"}
[2026-02-09 15:18:56] [INFO] EMSService Tracking EMS {"barcode":"ED857991959TH"}
[2026-02-09 15:18:56] [INFO] EMSService Track API response {"status":200,"body":"{\"response\":{\"items\":{\"ED857991959TH\":[{\"barcode\":\"ED857991959TH\",\"status\":\"103\",\"status_description\":\"รับฝาก\",\"status_date\":\"24/01/2569 15:36:38+07:00\",\"location\":\"ไทรน้อย\",\"postcode\":\"11150\",\"delivery_status\":null,\"delivery_description\":null,\"delivery_datetime\":null,\"receiver_name\":null,\"signature\":null,\"status_detail\":\"รับฝากสิ่งของ [ ที่ทำการไปรษณีย์ ไทรน้อย ]\",\"delivery_officer_name\":null,\"delivery_officer_tel\":null,\"office_name\":null,\"office_tel\":null,\"call_center_tel\":\"1545\"},{\"barcode\":\""}
[2026-02-09 15:19:20] [INFO] EMSTrackingAPI EMS tracking request {"barcode":"ED857991962TH"}
[2026-02-09 15:19:20] [INFO] EMSService Using cached JWT token
[2026-02-09 15:19:20] [INFO] EMSService Tracking EMS {"barcode":"ED857991962TH"}
[2026-02-09 15:19:21] [INFO] EMSService Track API response {"status":200,"body":"{\"response\":{\"items\":{\"ED857991962TH\":[{\"barcode\":\"ED857991962TH\",\"status\":\"103\",\"status_description\":\"รับฝาก\",\"status_date\":\"24/01/2569 15:36:38+07:00\",\"location\":\"ไทรน้อย\",\"postcode\":\"11150\",\"delivery_status\":null,\"delivery_description\":null,\"delivery_datetime\":null,\"receiver_name\":null,\"signature\":null,\"status_detail\":\"รับฝากสิ่งของ [ ที่ทำการไปรษณีย์ ไทรน้อย ]\",\"delivery_officer_name\":null,\"delivery_officer_tel\":null,\"office_name\":null,\"office_tel\":null,\"call_center_tel\":\"1545\"},{\"barcode\":\""}
[2026-02-09 16:22:00] [INFO] Logger initialized successfully {"logDir":"E:\\chh_internal\\logs"}
[2026-02-09 16:22:44] [INFO] EMSTrackingAPI EMS tracking request {"barcode":"ED857926310TH"}
[2026-02-09 16:22:44] [INFO] EMSService Requesting JWT token from Thailand Post {"apiKeyPreview":"S%LrKoNyNIS:WOE...WAS.X_F9Vo","tokenLength":100,"firstChars":"S%LrKoNyNIS:WOEUVqAk","lastChars":"WAS.X_F9Vo"}
[2026-02-09 16:22:44] [INFO] EMSService GetToken response {"status":200,"body":"{\"expire\":\"2026-03-09 16:22:44+07:00\",\"token\":\"eyJ0eXAiOiJKV1QiLCJhbGciOiJIUzUxMiJ9.eyJpc3MiOiJzZWN1cmUtYXBpIiwiYXVkIjoic2VjdXJlLWFwcCIsInN1YiI6IkF1dGhvcml6YXRpb24iLCJleHAiOjE3NzMwNDgxNjQsInJvbCI6WyJST0xFX1VTRVIiXSwiZCpzaWciOnsicCI6InpXNzB4IiwicyI6bnVsbCwidSI6IjcxOGU0NzFjODg2YmFkM2E4NzM2ZmFjYjg4ZmU1OGVlIiwiZiI6InhzeiM5In19.FhWl3CbBdOufsU7lf_RJfFlV7SXNI_7VdIz6_4QiINt86Bj55HnSw60cUJjuhIWD-9TZW-zTLCcfqNgmTPGybw\"}"}
[2026-02-09 16:22:44] [INFO] EMSService JWT token obtained successfully {"expire":"2026-03-09 16:22:44+07:00"}
[2026-02-09 16:22:44] [INFO] EMSService Tracking EMS {"barcode":"ED857926310TH"}
[2026-02-09 16:22:45] [INFO] EMSService Track API response {"status":200,"body":"{\"response\":{\"items\":{\"ED857926310TH\":[{\"barcode\":\"ED857926310TH\",\"status\":\"103\",\"status_description\":\"รับฝาก\",\"status_date\":\"09/01/2569 17:45:02+07:00\",\"location\":\"ไทรน้อย\",\"postcode\":\"11150\",\"delivery_status\":null,\"delivery_description\":null,\"delivery_datetime\":null,\"receiver_name\":null,\"signature\":null,\"status_detail\":\"รับฝากสิ่งของ [ ที่ทำการไปรษณีย์ ไทรน้อย ]\",\"delivery_officer_name\":null,\"delivery_officer_tel\":null,\"office_name\":null,\"office_tel\":null,\"call_center_tel\":\"1545\"},{\"barcode\":\""}
[2026-02-09 16:24:04] [INFO] EMSRecordsAPI EMS record created {"emsId":"cmleyte9w0007crqc3r11q55c","barcode":"ED857926310TH","createdBy":"cml8vm5wa0066crxsgwca542x"}
[2026-02-09 16:29:19] [INFO] GetAllSalesOrdersOnline start {"number":null,"customerNumber":null,"customerName":null,"status":null,"orderDateFrom":null,"orderDateTo":null,"limit":100,"salesperson":"ONLINE"}
[2026-02-09 16:29:20] [INFO] GetAllSalesOrdersOnline start {"number":null,"customerNumber":null,"customerName":null,"status":null,"orderDateFrom":null,"orderDateTo":null,"limit":100,"salesperson":"ONLINE"}
[2026-02-09 16:29:23] [INFO] GetAllSalesOrdersOnline success {"total":45,"returned":45}
[2026-02-09 16:29:23] [INFO] GetAllSalesOrdersOnline success {"total":45,"returned":45}
[2026-02-09 16:30:42] [INFO] GetAllSalesOrdersOnline start {"number":null,"customerNumber":null,"customerName":null,"status":null,"orderDateFrom":null,"orderDateTo":null,"limit":100,"salesperson":"ONLINE"}
[2026-02-09 16:30:42] [INFO] GetAllSalesOrdersOnline start {"number":null,"customerNumber":null,"customerName":null,"status":null,"orderDateFrom":null,"orderDateTo":null,"limit":100,"salesperson":"ONLINE"}
[2026-02-09 16:30:44] [INFO] GetAllSalesOrdersOnline success {"total":45,"returned":45}
[2026-02-09 16:30:44] [INFO] GetAllSalesOrdersOnline success {"total":45,"returned":45}
[2026-02-09 16:32:38] [INFO] GetAllEmployeeUseCase start {"page":1,"limit":20}
[2026-02-09 16:32:38] [INFO] GetAllEmployeeUseCase success {"total":13,"returned":13}
[2026-02-09 16:35:36] [INFO] GetAllSalesOrdersOnline start {"number":null,"customerNumber":null,"customerName":null,"status":null,"orderDateFrom":null,"orderDateTo":null,"limit":100,"salesperson":"ONLINE"}
[2026-02-09 16:35:36] [INFO] GetAllSalesOrdersOnline start {"number":null,"customerNumber":null,"customerName":null,"status":null,"orderDateFrom":null,"orderDateTo":null,"limit":100,"salesperson":"ONLINE"}
[2026-02-09 16:35:38] [INFO] GetAllSalesOrdersOnline success {"total":45,"returned":45}
[2026-02-09 16:35:38] [INFO] GetAllSalesOrdersOnline success {"total":45,"returned":45}
