[2026-02-11 09:35:41] [INFO] Logger initialized successfully {"logDir":"E:\\chh_internal\\logs"}
[2026-02-11 09:35:53] [INFO] GetAllSalesOrdersOnline start {"number":null,"customerNumber":null,"customerName":null,"status":null,"orderDateFrom":null,"orderDateTo":null,"limit":100,"salesperson":"ONLINE"}
[2026-02-11 09:35:53] [INFO] GetAllSalesOrdersOnline start {"number":null,"customerNumber":null,"customerName":null,"status":null,"orderDateFrom":null,"orderDateTo":null,"limit":100,"salesperson":"ONLINE"}
[2026-02-11 09:35:54] [INFO] GetAllSalesOrdersOnline start {"number":null,"customerNumber":null,"customerName":null,"status":null,"orderDateFrom":null,"orderDateTo":null,"limit":100,"salesperson":"ONLINE"}
[2026-02-11 09:35:54] [INFO] GetAllSalesOrdersOnline start {"number":null,"customerNumber":null,"customerName":null,"status":null,"orderDateFrom":null,"orderDateTo":null,"limit":100,"salesperson":"ONLINE"}
[2026-02-11 09:35:55] [INFO] GetAllSalesOrdersOnline success {"total":48,"returned":48}
[2026-02-11 09:35:55] [INFO] GetAllSalesOrdersOnline success {"total":48,"returned":48}
[2026-02-11 09:35:56] [INFO] GetAllSalesOrdersOnline success {"total":48,"returned":48}
[2026-02-11 09:35:56] [INFO] GetAllSalesOrdersOnline success {"total":48,"returned":48}
[2026-02-11 09:36:18] [INFO] GetAllSalesOrdersOnline start {"number":null,"customerNumber":null,"customerName":null,"status":null,"orderDateFrom":null,"orderDateTo":null,"limit":100,"salesperson":"ONLINE"}
[2026-02-11 09:36:18] [INFO] GetAllSalesOrdersOnline start {"number":null,"customerNumber":null,"customerName":null,"status":null,"orderDateFrom":null,"orderDateTo":null,"limit":100,"salesperson":"ONLINE"}
[2026-02-11 09:36:19] [INFO] GetAllSalesOrdersOnline success {"total":48,"returned":48}
[2026-02-11 09:36:19] [INFO] GetAllSalesOrdersOnline success {"total":48,"returned":48}
[2026-02-11 09:41:58] [INFO] Logger initialized successfully {"logDir":"E:\\chh_internal\\logs"}
[2026-02-11 09:41:58] [INFO] Logger initialized successfully {"logDir":"E:\\chh_internal\\logs"}
[2026-02-11 09:41:58] [INFO] Logger initialized successfully {"logDir":"E:\\chh_internal\\logs"}
[2026-02-11 09:41:58] [INFO] Logger initialized successfully {"logDir":"E:\\chh_internal\\logs"}
[2026-02-11 09:41:58] [INFO] Logger initialized successfully {"logDir":"E:\\chh_internal\\logs"}
[2026-02-11 09:41:58] [INFO] Logger initialized successfully {"logDir":"E:\\chh_internal\\logs"}
[2026-02-11 09:41:58] [INFO] Logger initialized successfully {"logDir":"E:\\chh_internal\\logs"}
[2026-02-11 09:41:58] [INFO] Logger initialized successfully {"logDir":"E:\\chh_internal\\logs"}
[2026-02-11 09:41:59] [INFO] Logger initialized successfully {"logDir":"E:\\chh_internal\\logs"}
[2026-02-11 09:41:58] [INFO] Logger initialized successfully {"logDir":"E:\\chh_internal\\logs"}
[2026-02-11 09:41:58] [INFO] Logger initialized successfully {"logDir":"E:\\chh_internal\\logs"}
[2026-02-11 09:41:58] [INFO] Logger initialized successfully {"logDir":"E:\\chh_internal\\logs"}
[2026-02-11 09:41:59] [INFO] Logger initialized successfully {"logDir":"E:\\chh_internal\\logs"}
[2026-02-11 09:41:59] [INFO] Logger initialized successfully {"logDir":"E:\\chh_internal\\logs"}
[2026-02-11 09:41:59] [INFO] Logger initialized successfully {"logDir":"E:\\chh_internal\\logs"}
[2026-02-11 09:41:58] [INFO] Logger initialized successfully {"logDir":"E:\\chh_internal\\logs"}
[2026-02-11 09:41:58] [INFO] Logger initialized successfully {"logDir":"E:\\chh_internal\\logs"}
[2026-02-11 09:42:00] [INFO] Logger initialized successfully {"logDir":"E:\\chh_internal\\logs"}
[2026-02-11 09:42:06] [INFO] Logger initialized successfully {"logDir":"E:\\chh_internal\\logs"}
[2026-02-11 09:42:13] [INFO] GetAllSalesOrdersOnline start {"number":null,"customerNumber":null,"customerName":null,"status":null,"orderDateFrom":null,"orderDateTo":null,"limit":100,"salesperson":"ONLINE"}
[2026-02-11 09:42:16] [INFO] GetAllSalesOrdersOnline success {"total":48,"returned":48}
[2026-02-11 09:45:10] [INFO] Logger initialized successfully {"logDir":"E:\\chh_internal\\logs"}
[2026-02-11 09:45:49] [INFO] GetAllSalesOrdersOnline start {"number":null,"customerNumber":null,"customerName":null,"status":null,"orderDateFrom":null,"orderDateTo":null,"limit":100,"salesperson":"ONLINE"}
[2026-02-11 09:45:51] [INFO] GetAllSalesOrdersOnline success {"total":48,"returned":48}
[2026-02-11 09:46:20] [INFO] GetAllSalesOrdersOnline start {"number":null,"customerNumber":null,"customerName":null,"status":null,"orderDateFrom":null,"orderDateTo":null,"limit":100,"salesperson":"ONLINE"}
[2026-02-11 09:46:22] [INFO] GetAllSalesOrdersOnline success {"total":48,"returned":48}
[2026-02-11 09:48:03] [INFO] Logger initialized successfully {"logDir":"E:\\chh_internal\\logs"}
[2026-02-11 09:48:05] [INFO] GetAllSalesOrdersOnline start {"number":null,"customerNumber":null,"customerName":null,"status":null,"orderDateFrom":null,"orderDateTo":null,"limit":100,"salesperson":"ONLINE"}
[2026-02-11 09:48:06] [INFO] GetAllSalesOrdersOnline start {"number":null,"customerNumber":null,"customerName":null,"status":null,"orderDateFrom":null,"orderDateTo":null,"limit":100,"salesperson":"ONLINE"}
[2026-02-11 09:48:06] [INFO] Logger initialized successfully {"logDir":"E:\\chh_internal\\logs"}
[2026-02-11 09:48:06] [INFO] GetAllSalesOrdersOnline start {"number":null,"customerNumber":null,"customerName":null,"status":null,"orderDateFrom":null,"orderDateTo":null,"limit":100,"salesperson":"ONLINE"}
[2026-02-11 09:48:08] [INFO] GetAllSalesOrdersOnline success {"total":48,"returned":48}
[2026-02-11 09:48:08] [INFO] GetAllSalesOrdersOnline success {"total":48,"returned":48}
[2026-02-11 09:48:08] [INFO] GetAllSalesOrdersOnline success {"total":48,"returned":48}
[2026-02-11 09:48:28] [INFO] Logger initialized successfully {"logDir":"E:\\chh_internal\\logs"}
[2026-02-11 09:48:28] [INFO] GetAllSalesOrdersOnline start {"number":null,"customerNumber":null,"customerName":null,"status":null,"orderDateFrom":null,"orderDateTo":null,"limit":100,"salesperson":"ONLINE"}
[2026-02-11 09:48:28] [INFO] GetAllSalesOrdersOnline start {"number":null,"customerNumber":null,"customerName":null,"status":null,"orderDateFrom":null,"orderDateTo":null,"limit":100,"salesperson":"ONLINE"}
[2026-02-11 09:48:28] [INFO] GetAllSalesOrdersOnline start {"number":null,"customerNumber":null,"customerName":null,"status":null,"orderDateFrom":null,"orderDateTo":null,"limit":100,"salesperson":"ONLINE"}
[2026-02-11 09:48:28] [INFO] GetAllSalesOrdersOnline start {"number":null,"customerNumber":null,"customerName":null,"status":null,"orderDateFrom":null,"orderDateTo":null,"limit":100,"salesperson":"ONLINE"}
[2026-02-11 09:48:30] [INFO] GetAllSalesOrdersOnline success {"total":48,"returned":48}
[2026-02-11 09:48:30] [INFO] GetAllSalesOrdersOnline success {"total":48,"returned":48}
[2026-02-11 09:48:30] [INFO] GetAllSalesOrdersOnline success {"total":48,"returned":48}
[2026-02-11 09:48:31] [INFO] GetAllSalesOrdersOnline success {"total":48,"returned":48}
[2026-02-11 09:50:26] [INFO] GetAllSalesOrdersOnline start {"number":null,"customerNumber":null,"customerName":null,"status":null,"orderDateFrom":null,"orderDateTo":null,"limit":100,"salesperson":"ONLINE"}
[2026-02-11 09:50:26] [INFO] GetAllSalesOrdersOnline start {"number":null,"customerNumber":null,"customerName":null,"status":null,"orderDateFrom":null,"orderDateTo":null,"limit":100,"salesperson":"ONLINE"}
[2026-02-11 09:50:28] [INFO] GetAllSalesOrdersOnline success {"total":48,"returned":48}
[2026-02-11 09:50:29] [INFO] GetAllSalesOrdersOnline success {"total":48,"returned":48}
[2026-02-11 10:03:25] [INFO] GetAllSalesOrdersOnline start {"number":null,"customerNumber":null,"customerName":null,"status":null,"orderDateFrom":null,"orderDateTo":null,"limit":100,"salesperson":"ONLINE"}
[2026-02-11 10:03:27] [INFO] GetAllSalesOrdersOnline success {"total":48,"returned":48}
[2026-02-11 10:17:44] [INFO] GetAllSalesOrdersOnline start {"number":null,"customerNumber":null,"customerName":null,"status":null,"orderDateFrom":null,"orderDateTo":null,"limit":100,"salesperson":"ONLINE"}
[2026-02-11 10:17:47] [INFO] GetAllSalesOrdersOnline success {"total":48,"returned":48}
[2026-02-11 10:19:28] [WARN] rfid-printer send attempt failed {"attempt":1,"error":"Connection error: connect ECONNABORTED 169.254.112.200:9100"}
[2026-02-11 10:19:29] [WARN] rfid-printer send attempt failed {"attempt":2,"error":"Connection error: connect EHOSTUNREACH 169.254.112.200:9100"}
[2026-02-11 10:19:31] [WARN] rfid-printer send attempt failed {"attempt":3,"error":"Connection error: connect EHOSTUNREACH 169.254.112.200:9100"}
[2026-02-11 10:20:10] [INFO] GetAllSalesOrdersOnline start {"number":null,"customerNumber":null,"customerName":null,"status":null,"orderDateFrom":null,"orderDateTo":null,"limit":100,"salesperson":"ONLINE"}
[2026-02-11 10:20:10] [INFO] GetAllSalesOrdersOnline start {"number":null,"customerNumber":null,"customerName":null,"status":null,"orderDateFrom":null,"orderDateTo":null,"limit":100,"salesperson":"ONLINE"}
[2026-02-11 10:20:12] [INFO] GetAllSalesOrdersOnline success {"total":48,"returned":48}
[2026-02-11 10:20:13] [INFO] GetAllSalesOrdersOnline success {"total":48,"returned":48}
[2026-02-11 10:22:11] [INFO] GetAllSalesOrdersOnline start {"number":null,"customerNumber":null,"customerName":null,"status":null,"orderDateFrom":null,"orderDateTo":null,"limit":100,"salesperson":"ONLINE"}
[2026-02-11 10:22:11] [INFO] GetAllSalesOrdersOnline start {"number":null,"customerNumber":null,"customerName":null,"status":null,"orderDateFrom":null,"orderDateTo":null,"limit":100,"salesperson":"ONLINE"}
[2026-02-11 10:22:13] [INFO] GetAllSalesOrdersOnline success {"total":48,"returned":48}
[2026-02-11 10:22:13] [INFO] GetAllSalesOrdersOnline success {"total":48,"returned":48}
[2026-02-11 10:23:50] [INFO] GetAllSalesOrdersOnline start {"number":null,"customerNumber":null,"customerName":null,"status":null,"orderDateFrom":null,"orderDateTo":null,"limit":100,"salesperson":"ONLINE"}
[2026-02-11 10:23:51] [INFO] GetAllSalesOrdersOnline start {"number":null,"customerNumber":null,"customerName":null,"status":null,"orderDateFrom":null,"orderDateTo":null,"limit":100,"salesperson":"ONLINE"}
[2026-02-11 10:23:51] [INFO] GetAllSalesOrdersOnline start {"number":null,"customerNumber":null,"customerName":null,"status":null,"orderDateFrom":null,"orderDateTo":null,"limit":100,"salesperson":"ONLINE"}
[2026-02-11 10:23:51] [INFO] GetAllSalesOrdersOnline start {"number":null,"customerNumber":null,"customerName":null,"status":null,"orderDateFrom":null,"orderDateTo":null,"limit":100,"salesperson":"ONLINE"}
[2026-02-11 10:23:51] [INFO] GetAllSalesOrdersOnline start {"number":null,"customerNumber":null,"customerName":null,"status":null,"orderDateFrom":null,"orderDateTo":null,"limit":100,"salesperson":"ONLINE"}
[2026-02-11 10:23:52] [INFO] GetAllSalesOrdersOnline success {"total":48,"returned":48}
[2026-02-11 10:23:52] [INFO] GetAllSalesOrdersOnline success {"total":48,"returned":48}
[2026-02-11 10:23:53] [INFO] GetAllSalesOrdersOnline success {"total":48,"returned":48}
[2026-02-11 10:23:53] [INFO] GetAllSalesOrdersOnline success {"total":48,"returned":48}
[2026-02-11 10:23:53] [INFO] GetAllSalesOrdersOnline success {"total":48,"returned":48}
[2026-02-11 10:25:48] [INFO] GetAllSalesOrdersOnline start {"number":null,"customerNumber":null,"customerName":null,"status":null,"orderDateFrom":null,"orderDateTo":null,"limit":100,"salesperson":"ONLINE"}
[2026-02-11 10:25:48] [INFO] GetAllSalesOrdersOnline start {"number":null,"customerNumber":null,"customerName":null,"status":null,"orderDateFrom":null,"orderDateTo":null,"limit":100,"salesperson":"ONLINE"}
[2026-02-11 10:25:50] [INFO] GetAllSalesOrdersOnline success {"total":48,"returned":48}
[2026-02-11 10:25:50] [INFO] GetAllSalesOrdersOnline success {"total":48,"returned":48}
[2026-02-11 10:32:54] [INFO] Logger initialized successfully {"logDir":"E:\\chh_internal\\logs"}
[2026-02-11 10:37:55] [INFO] Logger initialized successfully {"logDir":"E:\\chh_internal\\logs"}
[2026-02-11 10:37:55] [INFO] GetAllSalesOrdersOnline start {"number":null,"customerNumber":null,"customerName":null,"status":null,"orderDateFrom":null,"orderDateTo":null,"limit":100,"salesperson":"ONLINE"}
[2026-02-11 10:38:45] [INFO] Logger initialized successfully {"logDir":"E:\\chh_internal\\logs"}
[2026-02-11 10:38:59] [INFO] GetAllSalesOrdersOnline start {"number":null,"customerNumber":null,"customerName":null,"status":null,"orderDateFrom":null,"orderDateTo":null,"limit":100,"salesperson":"ONLINE"}
[2026-02-11 10:38:59] [INFO] GetAllSalesOrdersOnline start {"number":null,"customerNumber":null,"customerName":null,"status":null,"orderDateFrom":null,"orderDateTo":null,"limit":100,"salesperson":"ONLINE"}
[2026-02-11 10:39:01] [INFO] GetAllSalesOrdersOnline success {"total":48,"returned":48}
[2026-02-11 10:39:01] [INFO] GetAllSalesOrdersOnline success {"total":48,"returned":48}
[2026-02-11 10:39:15] [INFO] GetAllSalesOrdersOnline start {"number":null,"customerNumber":null,"customerName":null,"status":null,"orderDateFrom":null,"orderDateTo":null,"limit":100,"salesperson":"ONLINE"}
[2026-02-11 10:39:15] [INFO] GetAllSalesOrdersOnline start {"number":null,"customerNumber":null,"customerName":null,"status":null,"orderDateFrom":null,"orderDateTo":null,"limit":100,"salesperson":"ONLINE"}
[2026-02-11 10:39:16] [INFO] GetAllSalesOrdersOnline success {"total":48,"returned":48}
[2026-02-11 10:39:16] [INFO] GetAllSalesOrdersOnline success {"total":48,"returned":48}
[2026-02-11 10:39:27] [INFO] GetAllMemoUseCase start {"page":1,"limit":20}
[2026-02-11 10:39:27] [INFO] GetAllMemoUseCase success {"total":1,"returned":1}
[2026-02-11 10:44:44] [INFO] Logger initialized successfully {"logDir":"E:\\chh_internal\\logs"}
[2026-02-11 10:46:48] [INFO] Logger initialized successfully {"logDir":"E:\\chh_internal\\logs"}
[2026-02-11 10:47:39] [INFO] GetAllCatFinishedGoodsItems start {"displayName":null,"number":null,"description":null,"includeZeroInventory":false,"limit":500,"inventoryPostingGroupCode":"FG","numberPrefix":"FG-"}
[2026-02-11 10:47:46] [INFO] GetAllCatFinishedGoodsItems success {"total":224,"returned":224}
[2026-02-11 10:47:46] [INFO] GetDimensionValues start {"codesCount":64,"dimensionCode":"PROJECT"}
[2026-02-11 10:47:47] [INFO] GetDimensionId success {"dimensionCode":"PROJECT","dimensionId":"5276f03a-e5f1-eb11-a1de-002248559e6c"}
[2026-02-11 10:47:48] [INFO] GetDimensionValues success {"source":"api","total":930}
[2026-02-11 10:47:48] [INFO] GetDimensionValues success {"found":49,"requested":64,"totalInDimension":713}
[2026-02-11 10:48:29] [INFO] GetAllEmployeeUseCase start {"page":1,"limit":20}
[2026-02-11 10:48:29] [INFO] GetAllEmployeeUseCase success {"total":13,"returned":13}
[2026-02-11 10:48:40] [INFO] GetAllDepartmentUseCase start {"page":1,"limit":100}
[2026-02-11 10:48:40] [INFO] GetAllRoleUseCase start {"page":1,"limit":100}
[2026-02-11 10:48:40] [INFO] GetAllDepartmentUseCase success {"total":8,"returned":8}
[2026-02-11 10:48:40] [INFO] GetAllRoleUseCase success {"total":13,"returned":13}
[2026-02-11 10:49:58] [INFO] GetAllRoleUseCase start {"page":1,"limit":20}
[2026-02-11 10:49:58] [INFO] GetAllEmployeeUseCase start {"page":1,"limit":20}
[2026-02-11 10:49:58] [INFO] GetAllRoleUseCase success {"total":13,"returned":13}
[2026-02-11 10:49:58] [INFO] GetAllEmployeeUseCase success {"total":13,"returned":13}
[2026-02-11 10:50:06] [INFO] GetAllDepartmentUseCase start {"page":1,"limit":100}
[2026-02-11 10:50:06] [INFO] GetAllRoleUseCase start {"page":1,"limit":100}
[2026-02-11 10:50:06] [INFO] GetAllDepartmentUseCase success {"total":8,"returned":8}
[2026-02-11 10:50:06] [INFO] GetAllRoleUseCase success {"total":13,"returned":13}
[2026-02-11 10:50:08] [INFO] GetAllEmployeeUseCase start {"page":1,"limit":20}
[2026-02-11 10:50:08] [INFO] GetAllRoleUseCase start {"page":1,"limit":20}
[2026-02-11 10:50:08] [INFO] GetAllEmployeeUseCase success {"total":13,"returned":13}
[2026-02-11 10:50:08] [INFO] GetAllRoleUseCase success {"total":13,"returned":13}
[2026-02-11 10:50:17] [INFO] GetAllAccountUseCase start {"page":1,"limit":20}
[2026-02-11 10:50:17] [INFO] GetAllAccountUseCase success {"total":12,"returned":12}
[2026-02-11 10:50:21] [INFO] GetAllEmployeeUseCase start {"page":1,"limit":100}
[2026-02-11 10:50:21] [INFO] GetAllEmployeeUseCase start {"page":1,"limit":100}
[2026-02-11 10:50:21] [INFO] GetAllEmployeeUseCase success {"total":13,"returned":13}
[2026-02-11 10:50:21] [INFO] GetAllEmployeeUseCase success {"total":13,"returned":13}
[2026-02-11 10:50:29] [INFO] GetAllRoleUseCase start {"page":1,"limit":20}
[2026-02-11 10:50:29] [INFO] GetAllRoleUseCase success {"total":13,"returned":13}
[2026-02-11 10:58:56] [INFO] GetAllVisitorUseCase start {"page":1,"limit":20}
[2026-02-11 10:58:56] [INFO] GetAllVisitorUseCase success {"total":0,"returned":0}
[2026-02-11 10:59:12] [INFO] GetAllEmployeeUseCase start {"page":1,"limit":100}
[2026-02-11 10:59:12] [INFO] GetAllEmployeeUseCase success {"total":13,"returned":13}
[2026-02-11 11:03:05] [INFO] GetAllSalesOrdersOnline start {"number":null,"customerNumber":null,"customerName":null,"status":null,"orderDateFrom":null,"orderDateTo":null,"limit":100,"salesperson":"ONLINE"}
[2026-02-11 11:03:07] [INFO] GetAllSalesOrdersOnline success {"total":48,"returned":48}
[2026-02-11 11:36:42] [INFO] Logger initialized successfully {"logDir":"E:\\chh_internal\\logs"}
[2026-02-11 11:36:42] [INFO] GetAllSalesOrdersOnline start {"number":null,"customerNumber":null,"customerName":null,"status":null,"orderDateFrom":null,"orderDateTo":null,"limit":100,"salesperson":"ONLINE"}
[2026-02-11 11:36:42] [INFO] GetAllSalesOrdersOnline start {"number":null,"customerNumber":null,"customerName":null,"status":null,"orderDateFrom":null,"orderDateTo":null,"limit":100,"salesperson":"ONLINE"}
[2026-02-11 11:36:44] [INFO] GetAllSalesOrdersOnline success {"total":48,"returned":48}
[2026-02-11 11:36:45] [INFO] GetAllSalesOrdersOnline success {"total":48,"returned":48}
[2026-02-11 11:47:49] [INFO] Logger initialized successfully {"logDir":"E:\\chh_internal\\logs"}
[2026-02-11 11:47:49] [INFO] Logger initialized successfully {"logDir":"E:\\chh_internal\\logs"}
[2026-02-11 11:47:49] [INFO] Logger initialized successfully {"logDir":"E:\\chh_internal\\logs"}
[2026-02-11 11:47:49] [INFO] Logger initialized successfully {"logDir":"E:\\chh_internal\\logs"}
[2026-02-11 11:47:49] [INFO] Logger initialized successfully {"logDir":"E:\\chh_internal\\logs"}
[2026-02-11 11:47:49] [INFO] Logger initialized successfully {"logDir":"E:\\chh_internal\\logs"}
[2026-02-11 11:47:49] [INFO] Logger initialized successfully {"logDir":"E:\\chh_internal\\logs"}
[2026-02-11 11:47:49] [INFO] Logger initialized successfully {"logDir":"E:\\chh_internal\\logs"}
[2026-02-11 11:47:49] [INFO] Logger initialized successfully {"logDir":"E:\\chh_internal\\logs"}
[2026-02-11 11:47:49] [INFO] Logger initialized successfully {"logDir":"E:\\chh_internal\\logs"}
[2026-02-11 11:47:49] [INFO] Logger initialized successfully {"logDir":"E:\\chh_internal\\logs"}
[2026-02-11 11:47:50] [INFO] Logger initialized successfully {"logDir":"E:\\chh_internal\\logs"}
[2026-02-11 11:47:50] [INFO] Logger initialized successfully {"logDir":"E:\\chh_internal\\logs"}
[2026-02-11 11:47:50] [INFO] Logger initialized successfully {"logDir":"E:\\chh_internal\\logs"}
[2026-02-11 11:47:50] [INFO] Logger initialized successfully {"logDir":"E:\\chh_internal\\logs"}
[2026-02-11 11:47:50] [INFO] Logger initialized successfully {"logDir":"E:\\chh_internal\\logs"}
[2026-02-11 11:47:51] [INFO] Logger initialized successfully {"logDir":"E:\\chh_internal\\logs"}
[2026-02-11 11:47:57] [INFO] Logger initialized successfully {"logDir":"E:\\chh_internal\\logs"}
[2026-02-11 11:48:41] [INFO] GetAllSalesOrdersOnline start {"number":null,"customerNumber":null,"customerName":null,"status":null,"orderDateFrom":null,"orderDateTo":null,"limit":100,"salesperson":"ONLINE"}
[2026-02-11 11:48:43] [INFO] GetAllSalesOrdersOnline success {"total":48,"returned":48}
[2026-02-11 11:48:54] [INFO] EMSTrackingAPI EMS tracking request {"barcode":"ED857926310TH"}
[2026-02-11 11:48:54] [INFO] EMSService Requesting JWT token from Thailand Post {"apiKeyPreview":"S%LrKoNyNIS:WOE...WAS.X_F9Vo","tokenLength":100,"firstChars":"S%LrKoNyNIS:WOEUVqAk","lastChars":"WAS.X_F9Vo"}
[2026-02-11 11:48:54] [INFO] EMSService GetToken response {"status":200,"body":"{\"expire\":\"2026-03-11 11:48:54+07:00\",\"token\":\"eyJ0eXAiOiJKV1QiLCJhbGciOiJIUzUxMiJ9.eyJpc3MiOiJzZWN1cmUtYXBpIiwiYXVkIjoic2VjdXJlLWFwcCIsInN1YiI6IkF1dGhvcml6YXRpb24iLCJleHAiOjE3NzMyMDQ1MzQsInJvbCI6WyJST0xFX1VTRVIiXSwiZCpzaWciOnsicCI6InpXNzB4IiwicyI6bnVsbCwidSI6IjcxOGU0NzFjODg2YmFkM2E4NzM2ZmFjYjg4ZmU1OGVlIiwiZiI6InhzeiM5In19.t_MaX3jSNkrma0g-5GGHsUiSZtQH0SYl_2j4r5XcCTte1UC9AMr1qvOHhYHIzbp-FFiotFjifQAvN2ZiryaZFg\"}"}
[2026-02-11 11:48:54] [INFO] EMSService JWT token obtained successfully {"expire":"2026-03-11 11:48:54+07:00"}
[2026-02-11 11:48:54] [INFO] EMSService Tracking EMS {"barcode":"ED857926310TH"}
[2026-02-11 11:48:54] [INFO] EMSService Track API response {"status":200,"body":"{\"response\":{\"items\":{\"ED857926310TH\":[{\"barcode\":\"ED857926310TH\",\"status\":\"103\",\"status_description\":\"รับฝาก\",\"status_date\":\"09/01/2569 17:45:02+07:00\",\"location\":\"ไทรน้อย\",\"postcode\":\"11150\",\"delivery_status\":null,\"delivery_description\":null,\"delivery_datetime\":null,\"receiver_name\":null,\"signature\":null,\"status_detail\":\"รับฝากสิ่งของ [ ที่ทำการไปรษณีย์ ไทรน้อย ]\",\"delivery_officer_name\":null,\"delivery_officer_tel\":null,\"office_name\":null,\"office_tel\":null,\"call_center_tel\":\"1545\"},{\"barcode\":\""}
[2026-02-11 11:55:49] [INFO] Logger initialized successfully {"logDir":"E:\\chh_internal\\logs"}
